R-RFM: Running RFM v5.21_23SEP
I-OPNFIL: Opening file: rfm.drv
  *HDR
*HDR
  !2025-02-17 test run
*FLG
 I-DRVFLG: Enabled flags:  OPT  NAD  SFC  PRF  LEV  BBT  RAD
*SPC
I-SPCCHK: Label=         Range, Resln=  2000.00000 20000.00000     0.00100
*GAS
 I-DRVGAS: Using gases:  n2  o2  co2  o3  h2o  ch4  n2o  hno3  co  no2  n2o5 
 clo  hocl  clono2  no  hno4  hcn  nh3  f11  f12  f14  f22  ccl4  cof2  h2o2 
 c2h2  c2h6  ocs  so2  sf6
*ATM
I-OPNFIL: Opening file: ./rfm_files/hgt_std.atm
  ! US Std Atmosphere Altitude surfaces (50 levels 0-120km)
I-ATMFIL: Set Altitude grid: 50 profile levels from 0.00E+00 :120.      [km]
I-OPNFIL: Opening file: ./rfm_files/day.atm
  ! MID-LATITUDE DAY PROFILES FOR MIPAS
  *PRE
  *TEM
  *N2
  *O2
  *CO2
  *O3
  *H2O
  *CH4
  *N2O
  *HNO3
  *CO
  *NO2
  *N2O5
  *CLO
  *HOCL
  *CLONO2
  *NO
  *HNO4
  *HCN
  *NH3
  *F11
  *F12
  *F14
  *F22
  *CCL4
  *COF2
  *H2O2
  *C2H2
  *C2H6
  *OCS
  *SO2
  *SF6
W-ATMCHK: Total VMR > 1ppv adding GAS=o2 at HGT=0.00E+00  km
W-ATMCHK: Total VMR > 1ppv adding GAS=co2 at HGT=0.00E+00  km
W-ATMCHK: Total VMR > 1ppv adding GAS=o3 at HGT=0.00E+00  km
W-ATMCHK: Total VMR > 1ppv adding GAS=h2o at HGT=0.00E+00  km
W-ATMCHK: Total VMR > 1ppv adding GAS=ch4 at HGT=0.00E+00  km
W-ATMCHK: Total VMR > 1ppv adding GAS=n2o at HGT=0.00E+00  km
W-ATMCHK: Total VMR > 1ppv adding GAS=hno3 at HGT=0.00E+00  km
W-ATMCHK: Total VMR > 1ppv adding GAS=co at HGT=0.00E+00  km
W-ATMCHK: Total VMR > 1ppv adding GAS=no2 at HGT=0.00E+00  km
W-ATMCHK: Total VMR > 1ppv adding GAS=n2o5 at HGT=0.00E+00  km
W-ATMCHK: Total VMR > 1ppv adding GAS=clo at HGT=0.00E+00  km
W-ATMCHK: Total VMR > 1ppv adding GAS=hocl at HGT=0.00E+00  km
W-ATMCHK: Total VMR > 1ppv adding GAS=clono2 at HGT=0.00E+00  km
W-ATMCHK: Total VMR > 1ppv adding GAS=no at HGT=0.00E+00  km
W-ATMCHK: Total VMR > 1ppv adding GAS=hno4 at HGT=0.00E+00  km
W-ATMCHK: Total VMR > 1ppv adding GAS=hcn at HGT=0.00E+00  km
W-ATMCHK: Total VMR > 1ppv adding GAS=nh3 at HGT=0.00E+00  km
W-ATMCHK: Total VMR > 1ppv adding GAS=f11 at HGT=0.00E+00  km
W-ATMCHK: Total VMR > 1ppv adding GAS=f12 at HGT=0.00E+00  km
W-ATMCHK: Total VMR > 1ppv adding GAS=f14 at HGT=0.00E+00  km
W-ATMCHK: Total VMR > 1ppv adding GAS=f22 at HGT=0.00E+00  km
W-ATMCHK: Total VMR > 1ppv adding GAS=ccl4 at HGT=0.00E+00  km
W-ATMCHK: Total VMR > 1ppv adding GAS=cof2 at HGT=0.00E+00  km
W-ATMCHK: Total VMR > 1ppv adding GAS=h2o2 at HGT=0.00E+00  km
W-ATMCHK: Total VMR > 1ppv adding GAS=c2h2 at HGT=0.00E+00  km
W-ATMCHK: Total VMR > 1ppv adding GAS=c2h6 at HGT=0.00E+00  km
W-ATMCHK: Total VMR > 1ppv adding GAS=ocs at HGT=0.00E+00  km
W-ATMCHK: Total VMR > 1ppv adding GAS=so2 at HGT=0.00E+00  km
W-ATMCHK: Total VMR > 1ppv adding GAS=sf6 at HGT=0.00E+00  km
W-ATMCHK: Total VMR > 1ppv adding GAS=o2 at HGT=1.00      km
W-ATMCHK: Total VMR > 1ppv adding GAS=co2 at HGT=1.00      km
W-ATMCHK: Total VMR > 1ppv adding GAS=o3 at HGT=1.00      km
W-ATMCHK: Total VMR > 1ppv adding GAS=h2o at HGT=1.00      km
W-ATMCHK: Total VMR > 1ppv adding GAS=ch4 at HGT=1.00      km
W-ATMCHK: Total VMR > 1ppv adding GAS=n2o at HGT=1.00      km
W-ATMCHK: Total VMR > 1ppv adding GAS=hno3 at HGT=1.00      km
W-ATMCHK: Total VMR > 1ppv adding GAS=co at HGT=1.00      km
W-ATMCHK: Total VMR > 1ppv adding GAS=no2 at HGT=1.00      km
W-ATMCHK: Total VMR > 1ppv adding GAS=n2o5 at HGT=1.00      km
W-ATMCHK: Total VMR > 1ppv adding GAS=clo at HGT=1.00      km
W-ATMCHK: Total VMR > 1ppv adding GAS=hocl at HGT=1.00      km
W-ATMCHK: Total VMR > 1ppv adding GAS=clono2 at HGT=1.00      km
W-ATMCHK: Total VMR > 1ppv adding GAS=no at HGT=1.00      km
W-ATMCHK: Total VMR > 1ppv adding GAS=hno4 at HGT=1.00      km
W-ATMCHK: Total VMR > 1ppv adding GAS=hcn at HGT=1.00      km
W-ATMCHK: Total VMR > 1ppv adding GAS=nh3 at HGT=1.00      km
W-ATMCHK: Total VMR > 1ppv adding GAS=f11 at HGT=1.00      km
W-ATMCHK: Total VMR > 1ppv adding GAS=f12 at HGT=1.00      km
W-ATMCHK: Total VMR > 1ppv adding GAS=f14 at HGT=1.00      km
W-ATMCHK: Total VMR > 1ppv adding GAS=f22 at HGT=1.00      km
W-ATMCHK: Total VMR > 1ppv adding GAS=ccl4 at HGT=1.00      km
W-ATMCHK: Total VMR > 1ppv adding GAS=cof2 at HGT=1.00      km
W-ATMCHK: Total VMR > 1ppv adding GAS=h2o2 at HGT=1.00      km
W-ATMCHK: Total VMR > 1ppv adding GAS=c2h2 at HGT=1.00      km
W-ATMCHK: Total VMR > 1ppv adding GAS=c2h6 at HGT=1.00      km
W-ATMCHK: Total VMR > 1ppv adding GAS=ocs at HGT=1.00      km
W-ATMCHK: Total VMR > 1ppv adding GAS=so2 at HGT=1.00      km
W-ATMCHK: Total VMR > 1ppv adding GAS=sf6 at HGT=1.00      km
W-ATMCHK: Total VMR > 1ppv adding GAS=o2 at HGT=2.00      km
W-ATMCHK: Total VMR > 1ppv adding GAS=co2 at HGT=2.00      km
W-ATMCHK: Total VMR > 1ppv adding GAS=o3 at HGT=2.00      km
W-ATMCHK: Total VMR > 1ppv adding GAS=h2o at HGT=2.00      km
W-ATMCHK: Total VMR > 1ppv adding GAS=ch4 at HGT=2.00      km
W-ATMCHK: Total VMR > 1ppv adding GAS=n2o at HGT=2.00      km
W-ATMCHK: Total VMR > 1ppv adding GAS=hno3 at HGT=2.00      km
W-ATMCHK: Total VMR > 1ppv adding GAS=co at HGT=2.00      km
W-ATMCHK: Total VMR > 1ppv adding GAS=no2 at HGT=2.00      km
W-ATMCHK: Total VMR > 1ppv adding GAS=n2o5 at HGT=2.00      km
W-ATMCHK: Total VMR > 1ppv adding GAS=clo at HGT=2.00      km
W-ATMCHK: Total VMR > 1ppv adding GAS=hocl at HGT=2.00      km
W-ATMCHK: Total VMR > 1ppv adding GAS=clono2 at HGT=2.00      km
W-ATMCHK: Total VMR > 1ppv adding GAS=no at HGT=2.00      km
W-ATMCHK: Total VMR > 1ppv adding GAS=hno4 at HGT=2.00      km
W-ATMCHK: Total VMR > 1ppv adding GAS=hcn at HGT=2.00      km
W-ATMCHK: Total VMR > 1ppv adding GAS=nh3 at HGT=2.00      km
W-ATMCHK: Total VMR > 1ppv adding GAS=f11 at HGT=2.00      km
W-ATMCHK: Total VMR > 1ppv adding GAS=f12 at HGT=2.00      km
W-ATMCHK: Total VMR > 1ppv adding GAS=f14 at HGT=2.00      km
W-ATMCHK: Total VMR > 1ppv adding GAS=f22 at HGT=2.00      km
W-ATMCHK: Total VMR > 1ppv adding GAS=ccl4 at HGT=2.00      km
W-ATMCHK: Total VMR > 1ppv adding GAS=cof2 at HGT=2.00      km
W-ATMCHK: Total VMR > 1ppv adding GAS=h2o2 at HGT=2.00      km
W-ATMCHK: Total VMR > 1ppv adding GAS=c2h2 at HGT=2.00      km
W-ATMCHK: Total VMR > 1ppv adding GAS=c2h6 at HGT=2.00      km
W-ATMCHK: Total VMR > 1ppv adding GAS=ocs at HGT=2.00      km
W-ATMCHK: Total VMR > 1ppv adding GAS=so2 at HGT=2.00      km
W-ATMCHK: Total VMR > 1ppv adding GAS=sf6 at HGT=2.00      km
W-ATMCHK: Total VMR > 1ppv adding GAS=o2 at HGT=3.00      km
W-ATMCHK: Total VMR > 1ppv adding GAS=co2 at HGT=3.00      km
W-ATMCHK: Total VMR > 1ppv adding GAS=o3 at HGT=3.00      km
W-ATMCHK: Total VMR > 1ppv adding GAS=h2o at HGT=3.00      km
W-ATMCHK: Total VMR > 1ppv adding GAS=ch4 at HGT=3.00      km
W-ATMCHK: Total VMR > 1ppv adding GAS=n2o at HGT=3.00      km
W-ATMCHK: Total VMR > 1ppv adding GAS=hno3 at HGT=3.00      km
W-ATMCHK: Total VMR > 1ppv adding GAS=co at HGT=3.00      km
W-ATMCHK: Total VMR > 1ppv adding GAS=no2 at HGT=3.00      km
W-ATMCHK: Total VMR > 1ppv adding GAS=n2o5 at HGT=3.00      km
W-ATMCHK: Total VMR > 1ppv adding GAS=clo at HGT=3.00      km
W-ATMCHK: Total VMR > 1ppv adding GAS=hocl at HGT=3.00      km
W-ATMCHK: Total VMR > 1ppv adding GAS=clono2 at HGT=3.00      km
W-ATMCHK: Total VMR > 1ppv adding GAS=no at HGT=3.00      km
W-ATMCHK: Total VMR > 1ppv adding GAS=hno4 at HGT=3.00      km
W-ATMCHK: Total VMR > 1ppv adding GAS=hcn at HGT=3.00      km
W-ATMCHK: Total VMR > 1ppv adding GAS=nh3 at HGT=3.00      km
W-ATMCHK: Total VMR > 1ppv adding GAS=f11 at HGT=3.00      km
W-ATMCHK: Total VMR > 1ppv adding GAS=f12 at HGT=3.00      km
W-ATMCHK: Total VMR > 1ppv adding GAS=f14 at HGT=3.00      km
W-ATMCHK: Total VMR > 1ppv adding GAS=f22 at HGT=3.00      km
W-ATMCHK: Total VMR > 1ppv adding GAS=ccl4 at HGT=3.00      km
W-ATMCHK: Total VMR > 1ppv adding GAS=cof2 at HGT=3.00      km
W-ATMCHK: Total VMR > 1ppv adding GAS=h2o2 at HGT=3.00      km
W-ATMCHK: Total VMR > 1ppv adding GAS=c2h2 at HGT=3.00      km
W-ATMCHK: Total VMR > 1ppv adding GAS=c2h6 at HGT=3.00      km
W-ATMCHK: Total VMR > 1ppv adding GAS=ocs at HGT=3.00      km
W-ATMCHK: Total VMR > 1ppv adding GAS=so2 at HGT=3.00      km
W-ATMCHK: Total VMR > 1ppv adding GAS=sf6 at HGT=3.00      km
W-ATMCHK: Total VMR > 1ppv adding GAS=o2 at HGT=4.00      km
W-ATMCHK: Total VMR > 1ppv adding GAS=co2 at HGT=4.00      km
W-ATMCHK: Total VMR > 1ppv adding GAS=o3 at HGT=4.00      km
W-ATMCHK: Total VMR > 1ppv adding GAS=h2o at HGT=4.00      km
W-ATMCHK: Total VMR > 1ppv adding GAS=ch4 at HGT=4.00      km
W-ATMCHK: Total VMR > 1ppv adding GAS=n2o at HGT=4.00      km
W-ATMCHK: Total VMR > 1ppv adding GAS=hno3 at HGT=4.00      km
W-ATMCHK: Total VMR > 1ppv adding GAS=co at HGT=4.00      km
W-ATMCHK: Total VMR > 1ppv adding GAS=no2 at HGT=4.00      km
W-ATMCHK: Total VMR > 1ppv adding GAS=n2o5 at HGT=4.00      km
W-ATMCHK: Total VMR > 1ppv adding GAS=clo at HGT=4.00      km
W-ATMCHK: Total VMR > 1ppv adding GAS=hocl at HGT=4.00      km
W-ATMCHK: Total VMR > 1ppv adding GAS=clono2 at HGT=4.00      km
W-ATMCHK: Total VMR > 1ppv adding GAS=no at HGT=4.00      km
W-ATMCHK: Total VMR > 1ppv adding GAS=hno4 at HGT=4.00      km
W-ATMCHK: Total VMR > 1ppv adding GAS=hcn at HGT=4.00      km
W-ATMCHK: Total VMR > 1ppv adding GAS=nh3 at HGT=4.00      km
W-ATMCHK: Total VMR > 1ppv adding GAS=f11 at HGT=4.00      km
W-ATMCHK: Total VMR > 1ppv adding GAS=f12 at HGT=4.00      km
W-ATMCHK: Total VMR > 1ppv adding GAS=f14 at HGT=4.00      km
W-ATMCHK: Total VMR > 1ppv adding GAS=f22 at HGT=4.00      km
W-ATMCHK: Total VMR > 1ppv adding GAS=ccl4 at HGT=4.00      km
W-ATMCHK: Total VMR > 1ppv adding GAS=cof2 at HGT=4.00      km
W-ATMCHK: Total VMR > 1ppv adding GAS=h2o2 at HGT=4.00      km
W-ATMCHK: Total VMR > 1ppv adding GAS=c2h2 at HGT=4.00      km
W-ATMCHK: Total VMR > 1ppv adding GAS=c2h6 at HGT=4.00      km
W-ATMCHK: Total VMR > 1ppv adding GAS=ocs at HGT=4.00      km
W-ATMCHK: Total VMR > 1ppv adding GAS=so2 at HGT=4.00      km
W-ATMCHK: Total VMR > 1ppv adding GAS=sf6 at HGT=4.00      km
W-ATMCHK: Total VMR > 1ppv adding GAS=o2 at HGT=5.00      km
W-ATMCHK: Total VMR > 1ppv adding GAS=co2 at HGT=5.00      km
W-ATMCHK: Total VMR > 1ppv adding GAS=o3 at HGT=5.00      km
W-ATMCHK: Total VMR > 1ppv adding GAS=h2o at HGT=5.00      km
W-ATMCHK: Total VMR > 1ppv adding GAS=ch4 at HGT=5.00      km
W-ATMCHK: Total VMR > 1ppv adding GAS=n2o at HGT=5.00      km
W-ATMCHK: Total VMR > 1ppv adding GAS=hno3 at HGT=5.00      km
W-ATMCHK: Total VMR > 1ppv adding GAS=co at HGT=5.00      km
W-ATMCHK: Total VMR > 1ppv adding GAS=no2 at HGT=5.00      km
W-ATMCHK: Total VMR > 1ppv adding GAS=n2o5 at HGT=5.00      km
W-ATMCHK: Total VMR > 1ppv adding GAS=clo at HGT=5.00      km
W-ATMCHK: Total VMR > 1ppv adding GAS=hocl at HGT=5.00      km
W-ATMCHK: Total VMR > 1ppv adding GAS=clono2 at HGT=5.00      km
W-ATMCHK: Total VMR > 1ppv adding GAS=no at HGT=5.00      km
W-ATMCHK: Total VMR > 1ppv adding GAS=hno4 at HGT=5.00      km
W-ATMCHK: Total VMR > 1ppv adding GAS=hcn at HGT=5.00      km
W-ATMCHK: Total VMR > 1ppv adding GAS=nh3 at HGT=5.00      km
W-ATMCHK: Total VMR > 1ppv adding GAS=f11 at HGT=5.00      km
W-ATMCHK: Total VMR > 1ppv adding GAS=f12 at HGT=5.00      km
W-ATMCHK: Total VMR > 1ppv adding GAS=f14 at HGT=5.00      km
W-ATMCHK: Total VMR > 1ppv adding GAS=f22 at HGT=5.00      km
W-ATMCHK: Total VMR > 1ppv adding GAS=ccl4 at HGT=5.00      km
W-ATMCHK: Total VMR > 1ppv adding GAS=cof2 at HGT=5.00      km
W-ATMCHK: Total VMR > 1ppv adding GAS=h2o2 at HGT=5.00      km
W-ATMCHK: Total VMR > 1ppv adding GAS=c2h2 at HGT=5.00      km
W-ATMCHK: Total VMR > 1ppv adding GAS=c2h6 at HGT=5.00      km
W-ATMCHK: Total VMR > 1ppv adding GAS=ocs at HGT=5.00      km
W-ATMCHK: Total VMR > 1ppv adding GAS=so2 at HGT=5.00      km
W-ATMCHK: Total VMR > 1ppv adding GAS=sf6 at HGT=5.00      km
W-ATMCHK: Total VMR > 1ppv adding GAS=o2 at HGT=6.00      km
W-ATMCHK: Total VMR > 1ppv adding GAS=co2 at HGT=6.00      km
W-ATMCHK: Total VMR > 1ppv adding GAS=o3 at HGT=6.00      km
W-ATMCHK: Total VMR > 1ppv adding GAS=h2o at HGT=6.00      km
W-ATMCHK: Total VMR > 1ppv adding GAS=ch4 at HGT=6.00      km
W-ATMCHK: Total VMR > 1ppv adding GAS=n2o at HGT=6.00      km
W-ATMCHK: Total VMR > 1ppv adding GAS=hno3 at HGT=6.00      km
W-ATMCHK: Total VMR > 1ppv adding GAS=co at HGT=6.00      km
W-ATMCHK: Total VMR > 1ppv adding GAS=no2 at HGT=6.00      km
W-ATMCHK: Total VMR > 1ppv adding GAS=n2o5 at HGT=6.00      km
W-ATMCHK: Total VMR > 1ppv adding GAS=clo at HGT=6.00      km
W-ATMCHK: Total VMR > 1ppv adding GAS=hocl at HGT=6.00      km
W-ATMCHK: Total VMR > 1ppv adding GAS=clono2 at HGT=6.00      km
W-ATMCHK: Total VMR > 1ppv adding GAS=no at HGT=6.00      km
W-ATMCHK: Total VMR > 1ppv adding GAS=hno4 at HGT=6.00      km
W-ATMCHK: Total VMR > 1ppv adding GAS=hcn at HGT=6.00      km
W-ATMCHK: Total VMR > 1ppv adding GAS=nh3 at HGT=6.00      km
W-ATMCHK: Total VMR > 1ppv adding GAS=f11 at HGT=6.00      km
W-ATMCHK: Total VMR > 1ppv adding GAS=f12 at HGT=6.00      km
W-ATMCHK: Total VMR > 1ppv adding GAS=f14 at HGT=6.00      km
W-ATMCHK: Total VMR > 1ppv adding GAS=f22 at HGT=6.00      km
W-ATMCHK: Total VMR > 1ppv adding GAS=ccl4 at HGT=6.00      km
W-ATMCHK: Total VMR > 1ppv adding GAS=cof2 at HGT=6.00      km
W-ATMCHK: Total VMR > 1ppv adding GAS=h2o2 at HGT=6.00      km
W-ATMCHK: Total VMR > 1ppv adding GAS=c2h2 at HGT=6.00      km
W-ATMCHK: Total VMR > 1ppv adding GAS=c2h6 at HGT=6.00      km
W-ATMCHK: Total VMR > 1ppv adding GAS=ocs at HGT=6.00      km
W-ATMCHK: Total VMR > 1ppv adding GAS=so2 at HGT=6.00      km
W-ATMCHK: Total VMR > 1ppv adding GAS=sf6 at HGT=6.00      km
W-ATMCHK: Total VMR > 1ppv adding GAS=o2 at HGT=7.00      km
W-ATMCHK: Total VMR > 1ppv adding GAS=co2 at HGT=7.00      km
W-ATMCHK: Total VMR > 1ppv adding GAS=o3 at HGT=7.00      km
W-ATMCHK: Total VMR > 1ppv adding GAS=h2o at HGT=7.00      km
W-ATMCHK: Total VMR > 1ppv adding GAS=ch4 at HGT=7.00      km
W-ATMCHK: Total VMR > 1ppv adding GAS=n2o at HGT=7.00      km
W-ATMCHK: Total VMR > 1ppv adding GAS=hno3 at HGT=7.00      km
W-ATMCHK: Total VMR > 1ppv adding GAS=co at HGT=7.00      km
W-ATMCHK: Total VMR > 1ppv adding GAS=no2 at HGT=7.00      km
W-ATMCHK: Total VMR > 1ppv adding GAS=n2o5 at HGT=7.00      km
W-ATMCHK: Total VMR > 1ppv adding GAS=clo at HGT=7.00      km
W-ATMCHK: Total VMR > 1ppv adding GAS=hocl at HGT=7.00      km
W-ATMCHK: Total VMR > 1ppv adding GAS=clono2 at HGT=7.00      km
W-ATMCHK: Total VMR > 1ppv adding GAS=no at HGT=7.00      km
W-ATMCHK: Total VMR > 1ppv adding GAS=hno4 at HGT=7.00      km
W-ATMCHK: Total VMR > 1ppv adding GAS=hcn at HGT=7.00      km
W-ATMCHK: Total VMR > 1ppv adding GAS=nh3 at HGT=7.00      km
W-ATMCHK: Total VMR > 1ppv adding GAS=f11 at HGT=7.00      km
W-ATMCHK: Total VMR > 1ppv adding GAS=f12 at HGT=7.00      km
W-ATMCHK: Total VMR > 1ppv adding GAS=f14 at HGT=7.00      km
W-ATMCHK: Total VMR > 1ppv adding GAS=f22 at HGT=7.00      km
W-ATMCHK: Total VMR > 1ppv adding GAS=ccl4 at HGT=7.00      km
W-ATMCHK: Total VMR > 1ppv adding GAS=cof2 at HGT=7.00      km
W-ATMCHK: Total VMR > 1ppv adding GAS=h2o2 at HGT=7.00      km
W-ATMCHK: Total VMR > 1ppv adding GAS=c2h2 at HGT=7.00      km
W-ATMCHK: Total VMR > 1ppv adding GAS=c2h6 at HGT=7.00      km
W-ATMCHK: Total VMR > 1ppv adding GAS=ocs at HGT=7.00      km
W-ATMCHK: Total VMR > 1ppv adding GAS=so2 at HGT=7.00      km
W-ATMCHK: Total VMR > 1ppv adding GAS=sf6 at HGT=7.00      km
W-ATMCHK: Total VMR > 1ppv adding GAS=o2 at HGT=8.00      km
W-ATMCHK: Total VMR > 1ppv adding GAS=co2 at HGT=8.00      km
W-ATMCHK: Total VMR > 1ppv adding GAS=o3 at HGT=8.00      km
W-ATMCHK: Total VMR > 1ppv adding GAS=h2o at HGT=8.00      km
W-ATMCHK: Total VMR > 1ppv adding GAS=ch4 at HGT=8.00      km
W-ATMCHK: Total VMR > 1ppv adding GAS=n2o at HGT=8.00      km
W-ATMCHK: Total VMR > 1ppv adding GAS=hno3 at HGT=8.00      km
W-ATMCHK: Total VMR > 1ppv adding GAS=co at HGT=8.00      km
W-ATMCHK: Total VMR > 1ppv adding GAS=no2 at HGT=8.00      km
W-ATMCHK: Total VMR > 1ppv adding GAS=n2o5 at HGT=8.00      km
W-ATMCHK: Total VMR > 1ppv adding GAS=clo at HGT=8.00      km
W-ATMCHK: Total VMR > 1ppv adding GAS=hocl at HGT=8.00      km
W-ATMCHK: Total VMR > 1ppv adding GAS=clono2 at HGT=8.00      km
W-ATMCHK: Total VMR > 1ppv adding GAS=no at HGT=8.00      km
W-ATMCHK: Total VMR > 1ppv adding GAS=hno4 at HGT=8.00      km
W-ATMCHK: Total VMR > 1ppv adding GAS=hcn at HGT=8.00      km
W-ATMCHK: Total VMR > 1ppv adding GAS=nh3 at HGT=8.00      km
W-ATMCHK: Total VMR > 1ppv adding GAS=f11 at HGT=8.00      km
W-ATMCHK: Total VMR > 1ppv adding GAS=f12 at HGT=8.00      km
W-ATMCHK: Total VMR > 1ppv adding GAS=f14 at HGT=8.00      km
W-ATMCHK: Total VMR > 1ppv adding GAS=f22 at HGT=8.00      km
W-ATMCHK: Total VMR > 1ppv adding GAS=ccl4 at HGT=8.00      km
W-ATMCHK: Total VMR > 1ppv adding GAS=cof2 at HGT=8.00      km
W-ATMCHK: Total VMR > 1ppv adding GAS=h2o2 at HGT=8.00      km
W-ATMCHK: Total VMR > 1ppv adding GAS=c2h2 at HGT=8.00      km
W-ATMCHK: Total VMR > 1ppv adding GAS=c2h6 at HGT=8.00      km
W-ATMCHK: Total VMR > 1ppv adding GAS=ocs at HGT=8.00      km
W-ATMCHK: Total VMR > 1ppv adding GAS=so2 at HGT=8.00      km
W-ATMCHK: Total VMR > 1ppv adding GAS=sf6 at HGT=8.00      km
W-ATMCHK: Total VMR > 1ppv adding GAS=o2 at HGT=9.00      km
W-ATMCHK: Total VMR > 1ppv adding GAS=co2 at HGT=9.00      km
W-ATMCHK: Total VMR > 1ppv adding GAS=o3 at HGT=9.00      km
W-ATMCHK: Total VMR > 1ppv adding GAS=h2o at HGT=9.00      km
W-ATMCHK: Total VMR > 1ppv adding GAS=ch4 at HGT=9.00      km
W-ATMCHK: Total VMR > 1ppv adding GAS=n2o at HGT=9.00      km
W-ATMCHK: Total VMR > 1ppv adding GAS=hno3 at HGT=9.00      km
W-ATMCHK: Total VMR > 1ppv adding GAS=co at HGT=9.00      km
W-ATMCHK: Total VMR > 1ppv adding GAS=no2 at HGT=9.00      km
W-ATMCHK: Total VMR > 1ppv adding GAS=n2o5 at HGT=9.00      km
W-ATMCHK: Total VMR > 1ppv adding GAS=clo at HGT=9.00      km
W-ATMCHK: Total VMR > 1ppv adding GAS=hocl at HGT=9.00      km
W-ATMCHK: Total VMR > 1ppv adding GAS=clono2 at HGT=9.00      km
W-ATMCHK: Total VMR > 1ppv adding GAS=no at HGT=9.00      km
W-ATMCHK: Total VMR > 1ppv adding GAS=hno4 at HGT=9.00      km
W-ATMCHK: Total VMR > 1ppv adding GAS=hcn at HGT=9.00      km
W-ATMCHK: Total VMR > 1ppv adding GAS=nh3 at HGT=9.00      km
W-ATMCHK: Total VMR > 1ppv adding GAS=f11 at HGT=9.00      km
W-ATMCHK: Total VMR > 1ppv adding GAS=f12 at HGT=9.00      km
W-ATMCHK: Total VMR > 1ppv adding GAS=f14 at HGT=9.00      km
W-ATMCHK: Total VMR > 1ppv adding GAS=f22 at HGT=9.00      km
W-ATMCHK: Total VMR > 1ppv adding GAS=ccl4 at HGT=9.00      km
W-ATMCHK: Total VMR > 1ppv adding GAS=cof2 at HGT=9.00      km
W-ATMCHK: Total VMR > 1ppv adding GAS=h2o2 at HGT=9.00      km
W-ATMCHK: Total VMR > 1ppv adding GAS=c2h2 at HGT=9.00      km
W-ATMCHK: Total VMR > 1ppv adding GAS=c2h6 at HGT=9.00      km
W-ATMCHK: Total VMR > 1ppv adding GAS=ocs at HGT=9.00      km
W-ATMCHK: Total VMR > 1ppv adding GAS=so2 at HGT=9.00      km
W-ATMCHK: Total VMR > 1ppv adding GAS=sf6 at HGT=9.00      km
W-ATMCHK: Total VMR > 1ppv adding GAS=o2 at HGT=10.0      km
W-ATMCHK: Total VMR > 1ppv adding GAS=co2 at HGT=10.0      km
W-ATMCHK: Total VMR > 1ppv adding GAS=o3 at HGT=10.0      km
W-ATMCHK: Total VMR > 1ppv adding GAS=h2o at HGT=10.0      km
W-ATMCHK: Total VMR > 1ppv adding GAS=ch4 at HGT=10.0      km
W-ATMCHK: Total VMR > 1ppv adding GAS=n2o at HGT=10.0      km
W-ATMCHK: Total VMR > 1ppv adding GAS=hno3 at HGT=10.0      km
W-ATMCHK: Total VMR > 1ppv adding GAS=co at HGT=10.0      km
W-ATMCHK: Total VMR > 1ppv adding GAS=no2 at HGT=10.0      km
W-ATMCHK: Total VMR > 1ppv adding GAS=n2o5 at HGT=10.0      km
W-ATMCHK: Total VMR > 1ppv adding GAS=clo at HGT=10.0      km
W-ATMCHK: Total VMR > 1ppv adding GAS=hocl at HGT=10.0      km
W-ATMCHK: Total VMR > 1ppv adding GAS=clono2 at HGT=10.0      km
W-ATMCHK: Total VMR > 1ppv adding GAS=no at HGT=10.0      km
W-ATMCHK: Total VMR > 1ppv adding GAS=hno4 at HGT=10.0      km
W-ATMCHK: Total VMR > 1ppv adding GAS=hcn at HGT=10.0      km
W-ATMCHK: Total VMR > 1ppv adding GAS=nh3 at HGT=10.0      km
W-ATMCHK: Total VMR > 1ppv adding GAS=f11 at HGT=10.0      km
W-ATMCHK: Total VMR > 1ppv adding GAS=f12 at HGT=10.0      km
W-ATMCHK: Total VMR > 1ppv adding GAS=f14 at HGT=10.0      km
W-ATMCHK: Total VMR > 1ppv adding GAS=f22 at HGT=10.0      km
W-ATMCHK: Total VMR > 1ppv adding GAS=ccl4 at HGT=10.0      km
W-ATMCHK: Total VMR > 1ppv adding GAS=cof2 at HGT=10.0      km
W-ATMCHK: Total VMR > 1ppv adding GAS=h2o2 at HGT=10.0      km
W-ATMCHK: Total VMR > 1ppv adding GAS=c2h2 at HGT=10.0      km
W-ATMCHK: Total VMR > 1ppv adding GAS=c2h6 at HGT=10.0      km
W-ATMCHK: Total VMR > 1ppv adding GAS=ocs at HGT=10.0      km
W-ATMCHK: Total VMR > 1ppv adding GAS=so2 at HGT=10.0      km
W-ATMCHK: Total VMR > 1ppv adding GAS=sf6 at HGT=10.0      km
W-ATMCHK: Total VMR > 1ppv adding GAS=o2 at HGT=11.0      km
W-ATMCHK: Total VMR > 1ppv adding GAS=co2 at HGT=11.0      km
W-ATMCHK: Total VMR > 1ppv adding GAS=o3 at HGT=11.0      km
W-ATMCHK: Total VMR > 1ppv adding GAS=h2o at HGT=11.0      km
W-ATMCHK: Total VMR > 1ppv adding GAS=ch4 at HGT=11.0      km
W-ATMCHK: Total VMR > 1ppv adding GAS=n2o at HGT=11.0      km
W-ATMCHK: Total VMR > 1ppv adding GAS=hno3 at HGT=11.0      km
W-ATMCHK: Total VMR > 1ppv adding GAS=co at HGT=11.0      km
W-ATMCHK: Total VMR > 1ppv adding GAS=no2 at HGT=11.0      km
W-ATMCHK: Total VMR > 1ppv adding GAS=n2o5 at HGT=11.0      km
W-ATMCHK: Total VMR > 1ppv adding GAS=clo at HGT=11.0      km
W-ATMCHK: Total VMR > 1ppv adding GAS=hocl at HGT=11.0      km
W-ATMCHK: Total VMR > 1ppv adding GAS=clono2 at HGT=11.0      km
W-ATMCHK: Total VMR > 1ppv adding GAS=no at HGT=11.0      km
W-ATMCHK: Total VMR > 1ppv adding GAS=hno4 at HGT=11.0      km
W-ATMCHK: Total VMR > 1ppv adding GAS=hcn at HGT=11.0      km
W-ATMCHK: Total VMR > 1ppv adding GAS=nh3 at HGT=11.0      km
W-ATMCHK: Total VMR > 1ppv adding GAS=f11 at HGT=11.0      km
W-ATMCHK: Total VMR > 1ppv adding GAS=f12 at HGT=11.0      km
W-ATMCHK: Total VMR > 1ppv adding GAS=f14 at HGT=11.0      km
W-ATMCHK: Total VMR > 1ppv adding GAS=f22 at HGT=11.0      km
W-ATMCHK: Total VMR > 1ppv adding GAS=ccl4 at HGT=11.0      km
W-ATMCHK: Total VMR > 1ppv adding GAS=cof2 at HGT=11.0      km
W-ATMCHK: Total VMR > 1ppv adding GAS=h2o2 at HGT=11.0      km
W-ATMCHK: Total VMR > 1ppv adding GAS=c2h2 at HGT=11.0      km
W-ATMCHK: Total VMR > 1ppv adding GAS=c2h6 at HGT=11.0      km
W-ATMCHK: Total VMR > 1ppv adding GAS=ocs at HGT=11.0      km
W-ATMCHK: Total VMR > 1ppv adding GAS=so2 at HGT=11.0      km
W-ATMCHK: Total VMR > 1ppv adding GAS=sf6 at HGT=11.0      km
W-ATMCHK: Total VMR > 1ppv adding GAS=o2 at HGT=12.0      km
W-ATMCHK: Total VMR > 1ppv adding GAS=co2 at HGT=12.0      km
W-ATMCHK: Total VMR > 1ppv adding GAS=o3 at HGT=12.0      km
W-ATMCHK: Total VMR > 1ppv adding GAS=h2o at HGT=12.0      km
W-ATMCHK: Total VMR > 1ppv adding GAS=ch4 at HGT=12.0      km
W-ATMCHK: Total VMR > 1ppv adding GAS=n2o at HGT=12.0      km
W-ATMCHK: Total VMR > 1ppv adding GAS=hno3 at HGT=12.0      km
W-ATMCHK: Total VMR > 1ppv adding GAS=co at HGT=12.0      km
W-ATMCHK: Total VMR > 1ppv adding GAS=no2 at HGT=12.0      km
W-ATMCHK: Total VMR > 1ppv adding GAS=n2o5 at HGT=12.0      km
W-ATMCHK: Total VMR > 1ppv adding GAS=clo at HGT=12.0      km
W-ATMCHK: Total VMR > 1ppv adding GAS=hocl at HGT=12.0      km
W-ATMCHK: Total VMR > 1ppv adding GAS=clono2 at HGT=12.0      km
W-ATMCHK: Total VMR > 1ppv adding GAS=no at HGT=12.0      km
W-ATMCHK: Total VMR > 1ppv adding GAS=hno4 at HGT=12.0      km
W-ATMCHK: Total VMR > 1ppv adding GAS=hcn at HGT=12.0      km
W-ATMCHK: Total VMR > 1ppv adding GAS=nh3 at HGT=12.0      km
W-ATMCHK: Total VMR > 1ppv adding GAS=f11 at HGT=12.0      km
W-ATMCHK: Total VMR > 1ppv adding GAS=f12 at HGT=12.0      km
W-ATMCHK: Total VMR > 1ppv adding GAS=f14 at HGT=12.0      km
W-ATMCHK: Total VMR > 1ppv adding GAS=f22 at HGT=12.0      km
W-ATMCHK: Total VMR > 1ppv adding GAS=ccl4 at HGT=12.0      km
W-ATMCHK: Total VMR > 1ppv adding GAS=cof2 at HGT=12.0      km
W-ATMCHK: Total VMR > 1ppv adding GAS=h2o2 at HGT=12.0      km
W-ATMCHK: Total VMR > 1ppv adding GAS=c2h2 at HGT=12.0      km
W-ATMCHK: Total VMR > 1ppv adding GAS=c2h6 at HGT=12.0      km
W-ATMCHK: Total VMR > 1ppv adding GAS=ocs at HGT=12.0      km
W-ATMCHK: Total VMR > 1ppv adding GAS=so2 at HGT=12.0      km
W-ATMCHK: Total VMR > 1ppv adding GAS=sf6 at HGT=12.0      km
W-ATMCHK: Total VMR > 1ppv adding GAS=o2 at HGT=13.0      km
W-ATMCHK: Total VMR > 1ppv adding GAS=co2 at HGT=13.0      km
W-ATMCHK: Total VMR > 1ppv adding GAS=o3 at HGT=13.0      km
W-ATMCHK: Total VMR > 1ppv adding GAS=h2o at HGT=13.0      km
W-ATMCHK: Total VMR > 1ppv adding GAS=ch4 at HGT=13.0      km
W-ATMCHK: Total VMR > 1ppv adding GAS=n2o at HGT=13.0      km
W-ATMCHK: Total VMR > 1ppv adding GAS=hno3 at HGT=13.0      km
W-ATMCHK: Total VMR > 1ppv adding GAS=co at HGT=13.0      km
W-ATMCHK: Total VMR > 1ppv adding GAS=no2 at HGT=13.0      km
W-ATMCHK: Total VMR > 1ppv adding GAS=n2o5 at HGT=13.0      km
W-ATMCHK: Total VMR > 1ppv adding GAS=clo at HGT=13.0      km
W-ATMCHK: Total VMR > 1ppv adding GAS=hocl at HGT=13.0      km
W-ATMCHK: Total VMR > 1ppv adding GAS=clono2 at HGT=13.0      km
W-ATMCHK: Total VMR > 1ppv adding GAS=no at HGT=13.0      km
W-ATMCHK: Total VMR > 1ppv adding GAS=hno4 at HGT=13.0      km
W-ATMCHK: Total VMR > 1ppv adding GAS=hcn at HGT=13.0      km
W-ATMCHK: Total VMR > 1ppv adding GAS=nh3 at HGT=13.0      km
W-ATMCHK: Total VMR > 1ppv adding GAS=f11 at HGT=13.0      km
W-ATMCHK: Total VMR > 1ppv adding GAS=f12 at HGT=13.0      km
W-ATMCHK: Total VMR > 1ppv adding GAS=f14 at HGT=13.0      km
W-ATMCHK: Total VMR > 1ppv adding GAS=f22 at HGT=13.0      km
W-ATMCHK: Total VMR > 1ppv adding GAS=ccl4 at HGT=13.0      km
W-ATMCHK: Total VMR > 1ppv adding GAS=cof2 at HGT=13.0      km
W-ATMCHK: Total VMR > 1ppv adding GAS=h2o2 at HGT=13.0      km
W-ATMCHK: Total VMR > 1ppv adding GAS=c2h2 at HGT=13.0      km
W-ATMCHK: Total VMR > 1ppv adding GAS=c2h6 at HGT=13.0      km
W-ATMCHK: Total VMR > 1ppv adding GAS=ocs at HGT=13.0      km
W-ATMCHK: Total VMR > 1ppv adding GAS=so2 at HGT=13.0      km
W-ATMCHK: Total VMR > 1ppv adding GAS=sf6 at HGT=13.0      km
W-ATMCHK: Total VMR > 1ppv adding GAS=o2 at HGT=14.0      km
W-ATMCHK: Total VMR > 1ppv adding GAS=co2 at HGT=14.0      km
W-ATMCHK: Total VMR > 1ppv adding GAS=o3 at HGT=14.0      km
W-ATMCHK: Total VMR > 1ppv adding GAS=h2o at HGT=14.0      km
W-ATMCHK: Total VMR > 1ppv adding GAS=ch4 at HGT=14.0      km
W-ATMCHK: Total VMR > 1ppv adding GAS=n2o at HGT=14.0      km
W-ATMCHK: Total VMR > 1ppv adding GAS=hno3 at HGT=14.0      km
W-ATMCHK: Total VMR > 1ppv adding GAS=co at HGT=14.0      km
W-ATMCHK: Total VMR > 1ppv adding GAS=no2 at HGT=14.0      km
W-ATMCHK: Total VMR > 1ppv adding GAS=n2o5 at HGT=14.0      km
W-ATMCHK: Total VMR > 1ppv adding GAS=clo at HGT=14.0      km
W-ATMCHK: Total VMR > 1ppv adding GAS=hocl at HGT=14.0      km
W-ATMCHK: Total VMR > 1ppv adding GAS=clono2 at HGT=14.0      km
W-ATMCHK: Total VMR > 1ppv adding GAS=no at HGT=14.0      km
W-ATMCHK: Total VMR > 1ppv adding GAS=hno4 at HGT=14.0      km
W-ATMCHK: Total VMR > 1ppv adding GAS=hcn at HGT=14.0      km
W-ATMCHK: Total VMR > 1ppv adding GAS=nh3 at HGT=14.0      km
W-ATMCHK: Total VMR > 1ppv adding GAS=f11 at HGT=14.0      km
W-ATMCHK: Total VMR > 1ppv adding GAS=f12 at HGT=14.0      km
W-ATMCHK: Total VMR > 1ppv adding GAS=f14 at HGT=14.0      km
W-ATMCHK: Total VMR > 1ppv adding GAS=f22 at HGT=14.0      km
W-ATMCHK: Total VMR > 1ppv adding GAS=ccl4 at HGT=14.0      km
W-ATMCHK: Total VMR > 1ppv adding GAS=cof2 at HGT=14.0      km
W-ATMCHK: Total VMR > 1ppv adding GAS=h2o2 at HGT=14.0      km
W-ATMCHK: Total VMR > 1ppv adding GAS=c2h2 at HGT=14.0      km
W-ATMCHK: Total VMR > 1ppv adding GAS=c2h6 at HGT=14.0      km
W-ATMCHK: Total VMR > 1ppv adding GAS=ocs at HGT=14.0      km
W-ATMCHK: Total VMR > 1ppv adding GAS=so2 at HGT=14.0      km
W-ATMCHK: Total VMR > 1ppv adding GAS=sf6 at HGT=14.0      km
W-ATMCHK: Total VMR > 1ppv adding GAS=o2 at HGT=15.0      km
W-ATMCHK: Total VMR > 1ppv adding GAS=co2 at HGT=15.0      km
W-ATMCHK: Total VMR > 1ppv adding GAS=o3 at HGT=15.0      km
W-ATMCHK: Total VMR > 1ppv adding GAS=h2o at HGT=15.0      km
W-ATMCHK: Total VMR > 1ppv adding GAS=ch4 at HGT=15.0      km
W-ATMCHK: Total VMR > 1ppv adding GAS=n2o at HGT=15.0      km
W-ATMCHK: Total VMR > 1ppv adding GAS=hno3 at HGT=15.0      km
W-ATMCHK: Total VMR > 1ppv adding GAS=co at HGT=15.0      km
W-ATMCHK: Total VMR > 1ppv adding GAS=no2 at HGT=15.0      km
W-ATMCHK: Total VMR > 1ppv adding GAS=n2o5 at HGT=15.0      km
W-ATMCHK: Total VMR > 1ppv adding GAS=clo at HGT=15.0      km
W-ATMCHK: Total VMR > 1ppv adding GAS=hocl at HGT=15.0      km
W-ATMCHK: Total VMR > 1ppv adding GAS=clono2 at HGT=15.0      km
W-ATMCHK: Total VMR > 1ppv adding GAS=no at HGT=15.0      km
W-ATMCHK: Total VMR > 1ppv adding GAS=hno4 at HGT=15.0      km
W-ATMCHK: Total VMR > 1ppv adding GAS=hcn at HGT=15.0      km
W-ATMCHK: Total VMR > 1ppv adding GAS=nh3 at HGT=15.0      km
W-ATMCHK: Total VMR > 1ppv adding GAS=f11 at HGT=15.0      km
W-ATMCHK: Total VMR > 1ppv adding GAS=f12 at HGT=15.0      km
W-ATMCHK: Total VMR > 1ppv adding GAS=f14 at HGT=15.0      km
W-ATMCHK: Total VMR > 1ppv adding GAS=f22 at HGT=15.0      km
W-ATMCHK: Total VMR > 1ppv adding GAS=ccl4 at HGT=15.0      km
W-ATMCHK: Total VMR > 1ppv adding GAS=cof2 at HGT=15.0      km
W-ATMCHK: Total VMR > 1ppv adding GAS=h2o2 at HGT=15.0      km
W-ATMCHK: Total VMR > 1ppv adding GAS=c2h2 at HGT=15.0      km
W-ATMCHK: Total VMR > 1ppv adding GAS=c2h6 at HGT=15.0      km
W-ATMCHK: Total VMR > 1ppv adding GAS=ocs at HGT=15.0      km
W-ATMCHK: Total VMR > 1ppv adding GAS=so2 at HGT=15.0      km
W-ATMCHK: Total VMR > 1ppv adding GAS=sf6 at HGT=15.0      km
W-ATMCHK: Total VMR > 1ppv adding GAS=o2 at HGT=16.0      km
W-ATMCHK: Total VMR > 1ppv adding GAS=co2 at HGT=16.0      km
W-ATMCHK: Total VMR > 1ppv adding GAS=o3 at HGT=16.0      km
W-ATMCHK: Total VMR > 1ppv adding GAS=h2o at HGT=16.0      km
W-ATMCHK: Total VMR > 1ppv adding GAS=ch4 at HGT=16.0      km
W-ATMCHK: Total VMR > 1ppv adding GAS=n2o at HGT=16.0      km
W-ATMCHK: Total VMR > 1ppv adding GAS=hno3 at HGT=16.0      km
W-ATMCHK: Total VMR > 1ppv adding GAS=co at HGT=16.0      km
W-ATMCHK: Total VMR > 1ppv adding GAS=no2 at HGT=16.0      km
W-ATMCHK: Total VMR > 1ppv adding GAS=n2o5 at HGT=16.0      km
W-ATMCHK: Total VMR > 1ppv adding GAS=clo at HGT=16.0      km
W-ATMCHK: Total VMR > 1ppv adding GAS=hocl at HGT=16.0      km
W-ATMCHK: Total VMR > 1ppv adding GAS=clono2 at HGT=16.0      km
W-ATMCHK: Total VMR > 1ppv adding GAS=no at HGT=16.0      km
W-ATMCHK: Total VMR > 1ppv adding GAS=hno4 at HGT=16.0      km
W-ATMCHK: Total VMR > 1ppv adding GAS=hcn at HGT=16.0      km
W-ATMCHK: Total VMR > 1ppv adding GAS=nh3 at HGT=16.0      km
W-ATMCHK: Total VMR > 1ppv adding GAS=f11 at HGT=16.0      km
W-ATMCHK: Total VMR > 1ppv adding GAS=f12 at HGT=16.0      km
W-ATMCHK: Total VMR > 1ppv adding GAS=f14 at HGT=16.0      km
W-ATMCHK: Total VMR > 1ppv adding GAS=f22 at HGT=16.0      km
W-ATMCHK: Total VMR > 1ppv adding GAS=ccl4 at HGT=16.0      km
W-ATMCHK: Total VMR > 1ppv adding GAS=cof2 at HGT=16.0      km
W-ATMCHK: Total VMR > 1ppv adding GAS=h2o2 at HGT=16.0      km
W-ATMCHK: Total VMR > 1ppv adding GAS=c2h2 at HGT=16.0      km
W-ATMCHK: Total VMR > 1ppv adding GAS=c2h6 at HGT=16.0      km
W-ATMCHK: Total VMR > 1ppv adding GAS=ocs at HGT=16.0      km
W-ATMCHK: Total VMR > 1ppv adding GAS=so2 at HGT=16.0      km
W-ATMCHK: Total VMR > 1ppv adding GAS=sf6 at HGT=16.0      km
W-ATMCHK: Total VMR > 1ppv adding GAS=o2 at HGT=17.0      km
W-ATMCHK: Total VMR > 1ppv adding GAS=co2 at HGT=17.0      km
W-ATMCHK: Total VMR > 1ppv adding GAS=o3 at HGT=17.0      km
W-ATMCHK: Total VMR > 1ppv adding GAS=h2o at HGT=17.0      km
W-ATMCHK: Total VMR > 1ppv adding GAS=ch4 at HGT=17.0      km
W-ATMCHK: Total VMR > 1ppv adding GAS=n2o at HGT=17.0      km
W-ATMCHK: Total VMR > 1ppv adding GAS=hno3 at HGT=17.0      km
W-ATMCHK: Total VMR > 1ppv adding GAS=co at HGT=17.0      km
W-ATMCHK: Total VMR > 1ppv adding GAS=no2 at HGT=17.0      km
W-ATMCHK: Total VMR > 1ppv adding GAS=n2o5 at HGT=17.0      km
W-ATMCHK: Total VMR > 1ppv adding GAS=clo at HGT=17.0      km
W-ATMCHK: Total VMR > 1ppv adding GAS=hocl at HGT=17.0      km
W-ATMCHK: Total VMR > 1ppv adding GAS=clono2 at HGT=17.0      km
W-ATMCHK: Total VMR > 1ppv adding GAS=no at HGT=17.0      km
W-ATMCHK: Total VMR > 1ppv adding GAS=hno4 at HGT=17.0      km
W-ATMCHK: Total VMR > 1ppv adding GAS=hcn at HGT=17.0      km
W-ATMCHK: Total VMR > 1ppv adding GAS=nh3 at HGT=17.0      km
W-ATMCHK: Total VMR > 1ppv adding GAS=f11 at HGT=17.0      km
W-ATMCHK: Total VMR > 1ppv adding GAS=f12 at HGT=17.0      km
W-ATMCHK: Total VMR > 1ppv adding GAS=f14 at HGT=17.0      km
W-ATMCHK: Total VMR > 1ppv adding GAS=f22 at HGT=17.0      km
W-ATMCHK: Total VMR > 1ppv adding GAS=ccl4 at HGT=17.0      km
W-ATMCHK: Total VMR > 1ppv adding GAS=cof2 at HGT=17.0      km
W-ATMCHK: Total VMR > 1ppv adding GAS=h2o2 at HGT=17.0      km
W-ATMCHK: Total VMR > 1ppv adding GAS=c2h2 at HGT=17.0      km
W-ATMCHK: Total VMR > 1ppv adding GAS=c2h6 at HGT=17.0      km
W-ATMCHK: Total VMR > 1ppv adding GAS=ocs at HGT=17.0      km
W-ATMCHK: Total VMR > 1ppv adding GAS=so2 at HGT=17.0      km
W-ATMCHK: Total VMR > 1ppv adding GAS=sf6 at HGT=17.0      km
W-ATMCHK: Total VMR > 1ppv adding GAS=o2 at HGT=18.0      km
W-ATMCHK: Total VMR > 1ppv adding GAS=co2 at HGT=18.0      km
W-ATMCHK: Total VMR > 1ppv adding GAS=o3 at HGT=18.0      km
W-ATMCHK: Total VMR > 1ppv adding GAS=h2o at HGT=18.0      km
W-ATMCHK: Total VMR > 1ppv adding GAS=ch4 at HGT=18.0      km
W-ATMCHK: Total VMR > 1ppv adding GAS=n2o at HGT=18.0      km
W-ATMCHK: Total VMR > 1ppv adding GAS=hno3 at HGT=18.0      km
W-ATMCHK: Total VMR > 1ppv adding GAS=co at HGT=18.0      km
W-ATMCHK: Total VMR > 1ppv adding GAS=no2 at HGT=18.0      km
W-ATMCHK: Total VMR > 1ppv adding GAS=n2o5 at HGT=18.0      km
W-ATMCHK: Total VMR > 1ppv adding GAS=clo at HGT=18.0      km
W-ATMCHK: Total VMR > 1ppv adding GAS=hocl at HGT=18.0      km
W-ATMCHK: Total VMR > 1ppv adding GAS=clono2 at HGT=18.0      km
W-ATMCHK: Total VMR > 1ppv adding GAS=no at HGT=18.0      km
W-ATMCHK: Total VMR > 1ppv adding GAS=hno4 at HGT=18.0      km
W-ATMCHK: Total VMR > 1ppv adding GAS=hcn at HGT=18.0      km
W-ATMCHK: Total VMR > 1ppv adding GAS=nh3 at HGT=18.0      km
W-ATMCHK: Total VMR > 1ppv adding GAS=f11 at HGT=18.0      km
W-ATMCHK: Total VMR > 1ppv adding GAS=f12 at HGT=18.0      km
W-ATMCHK: Total VMR > 1ppv adding GAS=f14 at HGT=18.0      km
W-ATMCHK: Total VMR > 1ppv adding GAS=f22 at HGT=18.0      km
W-ATMCHK: Total VMR > 1ppv adding GAS=ccl4 at HGT=18.0      km
W-ATMCHK: Total VMR > 1ppv adding GAS=cof2 at HGT=18.0      km
W-ATMCHK: Total VMR > 1ppv adding GAS=h2o2 at HGT=18.0      km
W-ATMCHK: Total VMR > 1ppv adding GAS=c2h2 at HGT=18.0      km
W-ATMCHK: Total VMR > 1ppv adding GAS=c2h6 at HGT=18.0      km
W-ATMCHK: Total VMR > 1ppv adding GAS=ocs at HGT=18.0      km
W-ATMCHK: Total VMR > 1ppv adding GAS=so2 at HGT=18.0      km
W-ATMCHK: Total VMR > 1ppv adding GAS=sf6 at HGT=18.0      km
W-ATMCHK: Total VMR > 1ppv adding GAS=o2 at HGT=19.0      km
W-ATMCHK: Total VMR > 1ppv adding GAS=co2 at HGT=19.0      km
W-ATMCHK: Total VMR > 1ppv adding GAS=o3 at HGT=19.0      km
W-ATMCHK: Total VMR > 1ppv adding GAS=h2o at HGT=19.0      km
W-ATMCHK: Total VMR > 1ppv adding GAS=ch4 at HGT=19.0      km
W-ATMCHK: Total VMR > 1ppv adding GAS=n2o at HGT=19.0      km
W-ATMCHK: Total VMR > 1ppv adding GAS=hno3 at HGT=19.0      km
W-ATMCHK: Total VMR > 1ppv adding GAS=co at HGT=19.0      km
W-ATMCHK: Total VMR > 1ppv adding GAS=no2 at HGT=19.0      km
W-ATMCHK: Total VMR > 1ppv adding GAS=n2o5 at HGT=19.0      km
W-ATMCHK: Total VMR > 1ppv adding GAS=clo at HGT=19.0      km
W-ATMCHK: Total VMR > 1ppv adding GAS=hocl at HGT=19.0      km
W-ATMCHK: Total VMR > 1ppv adding GAS=clono2 at HGT=19.0      km
W-ATMCHK: Total VMR > 1ppv adding GAS=no at HGT=19.0      km
W-ATMCHK: Total VMR > 1ppv adding GAS=hno4 at HGT=19.0      km
W-ATMCHK: Total VMR > 1ppv adding GAS=hcn at HGT=19.0      km
W-ATMCHK: Total VMR > 1ppv adding GAS=nh3 at HGT=19.0      km
W-ATMCHK: Total VMR > 1ppv adding GAS=f11 at HGT=19.0      km
W-ATMCHK: Total VMR > 1ppv adding GAS=f12 at HGT=19.0      km
W-ATMCHK: Total VMR > 1ppv adding GAS=f14 at HGT=19.0      km
W-ATMCHK: Total VMR > 1ppv adding GAS=f22 at HGT=19.0      km
W-ATMCHK: Total VMR > 1ppv adding GAS=ccl4 at HGT=19.0      km
W-ATMCHK: Total VMR > 1ppv adding GAS=cof2 at HGT=19.0      km
W-ATMCHK: Total VMR > 1ppv adding GAS=h2o2 at HGT=19.0      km
W-ATMCHK: Total VMR > 1ppv adding GAS=c2h2 at HGT=19.0      km
W-ATMCHK: Total VMR > 1ppv adding GAS=c2h6 at HGT=19.0      km
W-ATMCHK: Total VMR > 1ppv adding GAS=ocs at HGT=19.0      km
W-ATMCHK: Total VMR > 1ppv adding GAS=so2 at HGT=19.0      km
W-ATMCHK: Total VMR > 1ppv adding GAS=sf6 at HGT=19.0      km
W-ATMCHK: Total VMR > 1ppv adding GAS=o2 at HGT=20.0      km
W-ATMCHK: Total VMR > 1ppv adding GAS=co2 at HGT=20.0      km
W-ATMCHK: Total VMR > 1ppv adding GAS=o3 at HGT=20.0      km
W-ATMCHK: Total VMR > 1ppv adding GAS=h2o at HGT=20.0      km
W-ATMCHK: Total VMR > 1ppv adding GAS=ch4 at HGT=20.0      km
W-ATMCHK: Total VMR > 1ppv adding GAS=n2o at HGT=20.0      km
W-ATMCHK: Total VMR > 1ppv adding GAS=hno3 at HGT=20.0      km
W-ATMCHK: Total VMR > 1ppv adding GAS=co at HGT=20.0      km
W-ATMCHK: Total VMR > 1ppv adding GAS=no2 at HGT=20.0      km
W-ATMCHK: Total VMR > 1ppv adding GAS=n2o5 at HGT=20.0      km
W-ATMCHK: Total VMR > 1ppv adding GAS=clo at HGT=20.0      km
W-ATMCHK: Total VMR > 1ppv adding GAS=hocl at HGT=20.0      km
W-ATMCHK: Total VMR > 1ppv adding GAS=clono2 at HGT=20.0      km
W-ATMCHK: Total VMR > 1ppv adding GAS=no at HGT=20.0      km
W-ATMCHK: Total VMR > 1ppv adding GAS=hno4 at HGT=20.0      km
W-ATMCHK: Total VMR > 1ppv adding GAS=hcn at HGT=20.0      km
W-ATMCHK: Total VMR > 1ppv adding GAS=nh3 at HGT=20.0      km
W-ATMCHK: Total VMR > 1ppv adding GAS=f11 at HGT=20.0      km
W-ATMCHK: Total VMR > 1ppv adding GAS=f12 at HGT=20.0      km
W-ATMCHK: Total VMR > 1ppv adding GAS=f14 at HGT=20.0      km
W-ATMCHK: Total VMR > 1ppv adding GAS=f22 at HGT=20.0      km
W-ATMCHK: Total VMR > 1ppv adding GAS=ccl4 at HGT=20.0      km
W-ATMCHK: Total VMR > 1ppv adding GAS=cof2 at HGT=20.0      km
W-ATMCHK: Total VMR > 1ppv adding GAS=h2o2 at HGT=20.0      km
W-ATMCHK: Total VMR > 1ppv adding GAS=c2h2 at HGT=20.0      km
W-ATMCHK: Total VMR > 1ppv adding GAS=c2h6 at HGT=20.0      km
W-ATMCHK: Total VMR > 1ppv adding GAS=ocs at HGT=20.0      km
W-ATMCHK: Total VMR > 1ppv adding GAS=so2 at HGT=20.0      km
W-ATMCHK: Total VMR > 1ppv adding GAS=sf6 at HGT=20.0      km
W-ATMCHK: Total VMR > 1ppv adding GAS=o2 at HGT=21.0      km
W-ATMCHK: Total VMR > 1ppv adding GAS=co2 at HGT=21.0      km
W-ATMCHK: Total VMR > 1ppv adding GAS=o3 at HGT=21.0      km
W-ATMCHK: Total VMR > 1ppv adding GAS=h2o at HGT=21.0      km
W-ATMCHK: Total VMR > 1ppv adding GAS=ch4 at HGT=21.0      km
W-ATMCHK: Total VMR > 1ppv adding GAS=n2o at HGT=21.0      km
W-ATMCHK: Total VMR > 1ppv adding GAS=hno3 at HGT=21.0      km
W-ATMCHK: Total VMR > 1ppv adding GAS=co at HGT=21.0      km
W-ATMCHK: Total VMR > 1ppv adding GAS=no2 at HGT=21.0      km
W-ATMCHK: Total VMR > 1ppv adding GAS=n2o5 at HGT=21.0      km
W-ATMCHK: Total VMR > 1ppv adding GAS=clo at HGT=21.0      km
W-ATMCHK: Total VMR > 1ppv adding GAS=hocl at HGT=21.0      km
W-ATMCHK: Total VMR > 1ppv adding GAS=clono2 at HGT=21.0      km
W-ATMCHK: Total VMR > 1ppv adding GAS=no at HGT=21.0      km
W-ATMCHK: Total VMR > 1ppv adding GAS=hno4 at HGT=21.0      km
W-ATMCHK: Total VMR > 1ppv adding GAS=hcn at HGT=21.0      km
W-ATMCHK: Total VMR > 1ppv adding GAS=nh3 at HGT=21.0      km
W-ATMCHK: Total VMR > 1ppv adding GAS=f11 at HGT=21.0      km
W-ATMCHK: Total VMR > 1ppv adding GAS=f12 at HGT=21.0      km
W-ATMCHK: Total VMR > 1ppv adding GAS=f14 at HGT=21.0      km
W-ATMCHK: Total VMR > 1ppv adding GAS=f22 at HGT=21.0      km
W-ATMCHK: Total VMR > 1ppv adding GAS=ccl4 at HGT=21.0      km
W-ATMCHK: Total VMR > 1ppv adding GAS=cof2 at HGT=21.0      km
W-ATMCHK: Total VMR > 1ppv adding GAS=h2o2 at HGT=21.0      km
W-ATMCHK: Total VMR > 1ppv adding GAS=c2h2 at HGT=21.0      km
W-ATMCHK: Total VMR > 1ppv adding GAS=c2h6 at HGT=21.0      km
W-ATMCHK: Total VMR > 1ppv adding GAS=ocs at HGT=21.0      km
W-ATMCHK: Total VMR > 1ppv adding GAS=so2 at HGT=21.0      km
W-ATMCHK: Total VMR > 1ppv adding GAS=sf6 at HGT=21.0      km
W-ATMCHK: Total VMR > 1ppv adding GAS=o2 at HGT=22.0      km
W-ATMCHK: Total VMR > 1ppv adding GAS=co2 at HGT=22.0      km
W-ATMCHK: Total VMR > 1ppv adding GAS=o3 at HGT=22.0      km
W-ATMCHK: Total VMR > 1ppv adding GAS=h2o at HGT=22.0      km
W-ATMCHK: Total VMR > 1ppv adding GAS=ch4 at HGT=22.0      km
W-ATMCHK: Total VMR > 1ppv adding GAS=n2o at HGT=22.0      km
W-ATMCHK: Total VMR > 1ppv adding GAS=hno3 at HGT=22.0      km
W-ATMCHK: Total VMR > 1ppv adding GAS=co at HGT=22.0      km
W-ATMCHK: Total VMR > 1ppv adding GAS=no2 at HGT=22.0      km
W-ATMCHK: Total VMR > 1ppv adding GAS=n2o5 at HGT=22.0      km
W-ATMCHK: Total VMR > 1ppv adding GAS=clo at HGT=22.0      km
W-ATMCHK: Total VMR > 1ppv adding GAS=hocl at HGT=22.0      km
W-ATMCHK: Total VMR > 1ppv adding GAS=clono2 at HGT=22.0      km
W-ATMCHK: Total VMR > 1ppv adding GAS=no at HGT=22.0      km
W-ATMCHK: Total VMR > 1ppv adding GAS=hno4 at HGT=22.0      km
W-ATMCHK: Total VMR > 1ppv adding GAS=hcn at HGT=22.0      km
W-ATMCHK: Total VMR > 1ppv adding GAS=nh3 at HGT=22.0      km
W-ATMCHK: Total VMR > 1ppv adding GAS=f11 at HGT=22.0      km
W-ATMCHK: Total VMR > 1ppv adding GAS=f12 at HGT=22.0      km
W-ATMCHK: Total VMR > 1ppv adding GAS=f14 at HGT=22.0      km
W-ATMCHK: Total VMR > 1ppv adding GAS=f22 at HGT=22.0      km
W-ATMCHK: Total VMR > 1ppv adding GAS=ccl4 at HGT=22.0      km
W-ATMCHK: Total VMR > 1ppv adding GAS=cof2 at HGT=22.0      km
W-ATMCHK: Total VMR > 1ppv adding GAS=h2o2 at HGT=22.0      km
W-ATMCHK: Total VMR > 1ppv adding GAS=c2h2 at HGT=22.0      km
W-ATMCHK: Total VMR > 1ppv adding GAS=c2h6 at HGT=22.0      km
W-ATMCHK: Total VMR > 1ppv adding GAS=ocs at HGT=22.0      km
W-ATMCHK: Total VMR > 1ppv adding GAS=so2 at HGT=22.0      km
W-ATMCHK: Total VMR > 1ppv adding GAS=sf6 at HGT=22.0      km
W-ATMCHK: Total VMR > 1ppv adding GAS=o2 at HGT=23.0      km
W-ATMCHK: Total VMR > 1ppv adding GAS=co2 at HGT=23.0      km
W-ATMCHK: Total VMR > 1ppv adding GAS=o3 at HGT=23.0      km
W-ATMCHK: Total VMR > 1ppv adding GAS=h2o at HGT=23.0      km
W-ATMCHK: Total VMR > 1ppv adding GAS=ch4 at HGT=23.0      km
W-ATMCHK: Total VMR > 1ppv adding GAS=n2o at HGT=23.0      km
W-ATMCHK: Total VMR > 1ppv adding GAS=hno3 at HGT=23.0      km
W-ATMCHK: Total VMR > 1ppv adding GAS=co at HGT=23.0      km
W-ATMCHK: Total VMR > 1ppv adding GAS=no2 at HGT=23.0      km
W-ATMCHK: Total VMR > 1ppv adding GAS=n2o5 at HGT=23.0      km
W-ATMCHK: Total VMR > 1ppv adding GAS=clo at HGT=23.0      km
W-ATMCHK: Total VMR > 1ppv adding GAS=hocl at HGT=23.0      km
W-ATMCHK: Total VMR > 1ppv adding GAS=clono2 at HGT=23.0      km
W-ATMCHK: Total VMR > 1ppv adding GAS=no at HGT=23.0      km
W-ATMCHK: Total VMR > 1ppv adding GAS=hno4 at HGT=23.0      km
W-ATMCHK: Total VMR > 1ppv adding GAS=hcn at HGT=23.0      km
W-ATMCHK: Total VMR > 1ppv adding GAS=nh3 at HGT=23.0      km
W-ATMCHK: Total VMR > 1ppv adding GAS=f11 at HGT=23.0      km
W-ATMCHK: Total VMR > 1ppv adding GAS=f12 at HGT=23.0      km
W-ATMCHK: Total VMR > 1ppv adding GAS=f14 at HGT=23.0      km
W-ATMCHK: Total VMR > 1ppv adding GAS=f22 at HGT=23.0      km
W-ATMCHK: Total VMR > 1ppv adding GAS=ccl4 at HGT=23.0      km
W-ATMCHK: Total VMR > 1ppv adding GAS=cof2 at HGT=23.0      km
W-ATMCHK: Total VMR > 1ppv adding GAS=h2o2 at HGT=23.0      km
W-ATMCHK: Total VMR > 1ppv adding GAS=c2h2 at HGT=23.0      km
W-ATMCHK: Total VMR > 1ppv adding GAS=c2h6 at HGT=23.0      km
W-ATMCHK: Total VMR > 1ppv adding GAS=ocs at HGT=23.0      km
W-ATMCHK: Total VMR > 1ppv adding GAS=so2 at HGT=23.0      km
W-ATMCHK: Total VMR > 1ppv adding GAS=sf6 at HGT=23.0      km
W-ATMCHK: Total VMR > 1ppv adding GAS=o2 at HGT=24.0      km
W-ATMCHK: Total VMR > 1ppv adding GAS=co2 at HGT=24.0      km
W-ATMCHK: Total VMR > 1ppv adding GAS=o3 at HGT=24.0      km
W-ATMCHK: Total VMR > 1ppv adding GAS=h2o at HGT=24.0      km
W-ATMCHK: Total VMR > 1ppv adding GAS=ch4 at HGT=24.0      km
W-ATMCHK: Total VMR > 1ppv adding GAS=n2o at HGT=24.0      km
W-ATMCHK: Total VMR > 1ppv adding GAS=hno3 at HGT=24.0      km
W-ATMCHK: Total VMR > 1ppv adding GAS=co at HGT=24.0      km
W-ATMCHK: Total VMR > 1ppv adding GAS=no2 at HGT=24.0      km
W-ATMCHK: Total VMR > 1ppv adding GAS=n2o5 at HGT=24.0      km
W-ATMCHK: Total VMR > 1ppv adding GAS=clo at HGT=24.0      km
W-ATMCHK: Total VMR > 1ppv adding GAS=hocl at HGT=24.0      km
W-ATMCHK: Total VMR > 1ppv adding GAS=clono2 at HGT=24.0      km
W-ATMCHK: Total VMR > 1ppv adding GAS=no at HGT=24.0      km
W-ATMCHK: Total VMR > 1ppv adding GAS=hno4 at HGT=24.0      km
W-ATMCHK: Total VMR > 1ppv adding GAS=hcn at HGT=24.0      km
W-ATMCHK: Total VMR > 1ppv adding GAS=nh3 at HGT=24.0      km
W-ATMCHK: Total VMR > 1ppv adding GAS=f11 at HGT=24.0      km
W-ATMCHK: Total VMR > 1ppv adding GAS=f12 at HGT=24.0      km
W-ATMCHK: Total VMR > 1ppv adding GAS=f14 at HGT=24.0      km
W-ATMCHK: Total VMR > 1ppv adding GAS=f22 at HGT=24.0      km
W-ATMCHK: Total VMR > 1ppv adding GAS=ccl4 at HGT=24.0      km
W-ATMCHK: Total VMR > 1ppv adding GAS=cof2 at HGT=24.0      km
W-ATMCHK: Total VMR > 1ppv adding GAS=h2o2 at HGT=24.0      km
W-ATMCHK: Total VMR > 1ppv adding GAS=c2h2 at HGT=24.0      km
W-ATMCHK: Total VMR > 1ppv adding GAS=c2h6 at HGT=24.0      km
W-ATMCHK: Total VMR > 1ppv adding GAS=ocs at HGT=24.0      km
W-ATMCHK: Total VMR > 1ppv adding GAS=so2 at HGT=24.0      km
W-ATMCHK: Total VMR > 1ppv adding GAS=sf6 at HGT=24.0      km
W-ATMCHK: Total VMR > 1ppv adding GAS=o2 at HGT=25.0      km
W-ATMCHK: Total VMR > 1ppv adding GAS=co2 at HGT=25.0      km
W-ATMCHK: Total VMR > 1ppv adding GAS=o3 at HGT=25.0      km
W-ATMCHK: Total VMR > 1ppv adding GAS=h2o at HGT=25.0      km
W-ATMCHK: Total VMR > 1ppv adding GAS=ch4 at HGT=25.0      km
W-ATMCHK: Total VMR > 1ppv adding GAS=n2o at HGT=25.0      km
W-ATMCHK: Total VMR > 1ppv adding GAS=hno3 at HGT=25.0      km
W-ATMCHK: Total VMR > 1ppv adding GAS=co at HGT=25.0      km
W-ATMCHK: Total VMR > 1ppv adding GAS=no2 at HGT=25.0      km
W-ATMCHK: Total VMR > 1ppv adding GAS=n2o5 at HGT=25.0      km
W-ATMCHK: Total VMR > 1ppv adding GAS=clo at HGT=25.0      km
W-ATMCHK: Total VMR > 1ppv adding GAS=hocl at HGT=25.0      km
W-ATMCHK: Total VMR > 1ppv adding GAS=clono2 at HGT=25.0      km
W-ATMCHK: Total VMR > 1ppv adding GAS=no at HGT=25.0      km
W-ATMCHK: Total VMR > 1ppv adding GAS=hno4 at HGT=25.0      km
W-ATMCHK: Total VMR > 1ppv adding GAS=hcn at HGT=25.0      km
W-ATMCHK: Total VMR > 1ppv adding GAS=nh3 at HGT=25.0      km
W-ATMCHK: Total VMR > 1ppv adding GAS=f11 at HGT=25.0      km
W-ATMCHK: Total VMR > 1ppv adding GAS=f12 at HGT=25.0      km
W-ATMCHK: Total VMR > 1ppv adding GAS=f14 at HGT=25.0      km
W-ATMCHK: Total VMR > 1ppv adding GAS=f22 at HGT=25.0      km
W-ATMCHK: Total VMR > 1ppv adding GAS=ccl4 at HGT=25.0      km
W-ATMCHK: Total VMR > 1ppv adding GAS=cof2 at HGT=25.0      km
W-ATMCHK: Total VMR > 1ppv adding GAS=h2o2 at HGT=25.0      km
W-ATMCHK: Total VMR > 1ppv adding GAS=c2h2 at HGT=25.0      km
W-ATMCHK: Total VMR > 1ppv adding GAS=c2h6 at HGT=25.0      km
W-ATMCHK: Total VMR > 1ppv adding GAS=ocs at HGT=25.0      km
W-ATMCHK: Total VMR > 1ppv adding GAS=so2 at HGT=25.0      km
W-ATMCHK: Total VMR > 1ppv adding GAS=sf6 at HGT=25.0      km
W-ATMCHK: Total VMR > 1ppv adding GAS=o2 at HGT=27.5      km
W-ATMCHK: Total VMR > 1ppv adding GAS=co2 at HGT=27.5      km
W-ATMCHK: Total VMR > 1ppv adding GAS=o3 at HGT=27.5      km
W-ATMCHK: Total VMR > 1ppv adding GAS=h2o at HGT=27.5      km
W-ATMCHK: Total VMR > 1ppv adding GAS=ch4 at HGT=27.5      km
W-ATMCHK: Total VMR > 1ppv adding GAS=n2o at HGT=27.5      km
W-ATMCHK: Total VMR > 1ppv adding GAS=hno3 at HGT=27.5      km
W-ATMCHK: Total VMR > 1ppv adding GAS=co at HGT=27.5      km
W-ATMCHK: Total VMR > 1ppv adding GAS=no2 at HGT=27.5      km
W-ATMCHK: Total VMR > 1ppv adding GAS=n2o5 at HGT=27.5      km
W-ATMCHK: Total VMR > 1ppv adding GAS=clo at HGT=27.5      km
W-ATMCHK: Total VMR > 1ppv adding GAS=hocl at HGT=27.5      km
W-ATMCHK: Total VMR > 1ppv adding GAS=clono2 at HGT=27.5      km
W-ATMCHK: Total VMR > 1ppv adding GAS=no at HGT=27.5      km
W-ATMCHK: Total VMR > 1ppv adding GAS=hno4 at HGT=27.5      km
W-ATMCHK: Total VMR > 1ppv adding GAS=hcn at HGT=27.5      km
W-ATMCHK: Total VMR > 1ppv adding GAS=nh3 at HGT=27.5      km
W-ATMCHK: Total VMR > 1ppv adding GAS=f11 at HGT=27.5      km
W-ATMCHK: Total VMR > 1ppv adding GAS=f12 at HGT=27.5      km
W-ATMCHK: Total VMR > 1ppv adding GAS=f14 at HGT=27.5      km
W-ATMCHK: Total VMR > 1ppv adding GAS=f22 at HGT=27.5      km
W-ATMCHK: Total VMR > 1ppv adding GAS=ccl4 at HGT=27.5      km
W-ATMCHK: Total VMR > 1ppv adding GAS=cof2 at HGT=27.5      km
W-ATMCHK: Total VMR > 1ppv adding GAS=h2o2 at HGT=27.5      km
W-ATMCHK: Total VMR > 1ppv adding GAS=c2h2 at HGT=27.5      km
W-ATMCHK: Total VMR > 1ppv adding GAS=c2h6 at HGT=27.5      km
W-ATMCHK: Total VMR > 1ppv adding GAS=ocs at HGT=27.5      km
W-ATMCHK: Total VMR > 1ppv adding GAS=so2 at HGT=27.5      km
W-ATMCHK: Total VMR > 1ppv adding GAS=sf6 at HGT=27.5      km
W-ATMCHK: Total VMR > 1ppv adding GAS=o2 at HGT=30.0      km
W-ATMCHK: Total VMR > 1ppv adding GAS=co2 at HGT=30.0      km
W-ATMCHK: Total VMR > 1ppv adding GAS=o3 at HGT=30.0      km
W-ATMCHK: Total VMR > 1ppv adding GAS=h2o at HGT=30.0      km
W-ATMCHK: Total VMR > 1ppv adding GAS=ch4 at HGT=30.0      km
W-ATMCHK: Total VMR > 1ppv adding GAS=n2o at HGT=30.0      km
W-ATMCHK: Total VMR > 1ppv adding GAS=hno3 at HGT=30.0      km
W-ATMCHK: Total VMR > 1ppv adding GAS=co at HGT=30.0      km
W-ATMCHK: Total VMR > 1ppv adding GAS=no2 at HGT=30.0      km
W-ATMCHK: Total VMR > 1ppv adding GAS=n2o5 at HGT=30.0      km
W-ATMCHK: Total VMR > 1ppv adding GAS=clo at HGT=30.0      km
W-ATMCHK: Total VMR > 1ppv adding GAS=hocl at HGT=30.0      km
W-ATMCHK: Total VMR > 1ppv adding GAS=clono2 at HGT=30.0      km
W-ATMCHK: Total VMR > 1ppv adding GAS=no at HGT=30.0      km
W-ATMCHK: Total VMR > 1ppv adding GAS=hno4 at HGT=30.0      km
W-ATMCHK: Total VMR > 1ppv adding GAS=hcn at HGT=30.0      km
W-ATMCHK: Total VMR > 1ppv adding GAS=nh3 at HGT=30.0      km
W-ATMCHK: Total VMR > 1ppv adding GAS=f11 at HGT=30.0      km
W-ATMCHK: Total VMR > 1ppv adding GAS=f12 at HGT=30.0      km
W-ATMCHK: Total VMR > 1ppv adding GAS=f14 at HGT=30.0      km
W-ATMCHK: Total VMR > 1ppv adding GAS=f22 at HGT=30.0      km
W-ATMCHK: Total VMR > 1ppv adding GAS=ccl4 at HGT=30.0      km
W-ATMCHK: Total VMR > 1ppv adding GAS=cof2 at HGT=30.0      km
W-ATMCHK: Total VMR > 1ppv adding GAS=h2o2 at HGT=30.0      km
W-ATMCHK: Total VMR > 1ppv adding GAS=c2h2 at HGT=30.0      km
W-ATMCHK: Total VMR > 1ppv adding GAS=c2h6 at HGT=30.0      km
W-ATMCHK: Total VMR > 1ppv adding GAS=ocs at HGT=30.0      km
W-ATMCHK: Total VMR > 1ppv adding GAS=so2 at HGT=30.0      km
W-ATMCHK: Total VMR > 1ppv adding GAS=sf6 at HGT=30.0      km
W-ATMCHK: Total VMR > 1ppv adding GAS=o2 at HGT=32.5      km
W-ATMCHK: Total VMR > 1ppv adding GAS=co2 at HGT=32.5      km
W-ATMCHK: Total VMR > 1ppv adding GAS=o3 at HGT=32.5      km
W-ATMCHK: Total VMR > 1ppv adding GAS=h2o at HGT=32.5      km
W-ATMCHK: Total VMR > 1ppv adding GAS=ch4 at HGT=32.5      km
W-ATMCHK: Total VMR > 1ppv adding GAS=n2o at HGT=32.5      km
W-ATMCHK: Total VMR > 1ppv adding GAS=hno3 at HGT=32.5      km
W-ATMCHK: Total VMR > 1ppv adding GAS=co at HGT=32.5      km
W-ATMCHK: Total VMR > 1ppv adding GAS=no2 at HGT=32.5      km
W-ATMCHK: Total VMR > 1ppv adding GAS=n2o5 at HGT=32.5      km
W-ATMCHK: Total VMR > 1ppv adding GAS=clo at HGT=32.5      km
W-ATMCHK: Total VMR > 1ppv adding GAS=hocl at HGT=32.5      km
W-ATMCHK: Total VMR > 1ppv adding GAS=clono2 at HGT=32.5      km
W-ATMCHK: Total VMR > 1ppv adding GAS=no at HGT=32.5      km
W-ATMCHK: Total VMR > 1ppv adding GAS=hno4 at HGT=32.5      km
W-ATMCHK: Total VMR > 1ppv adding GAS=hcn at HGT=32.5      km
W-ATMCHK: Total VMR > 1ppv adding GAS=nh3 at HGT=32.5      km
W-ATMCHK: Total VMR > 1ppv adding GAS=f11 at HGT=32.5      km
W-ATMCHK: Total VMR > 1ppv adding GAS=f12 at HGT=32.5      km
W-ATMCHK: Total VMR > 1ppv adding GAS=f14 at HGT=32.5      km
W-ATMCHK: Total VMR > 1ppv adding GAS=f22 at HGT=32.5      km
W-ATMCHK: Total VMR > 1ppv adding GAS=ccl4 at HGT=32.5      km
W-ATMCHK: Total VMR > 1ppv adding GAS=cof2 at HGT=32.5      km
W-ATMCHK: Total VMR > 1ppv adding GAS=h2o2 at HGT=32.5      km
W-ATMCHK: Total VMR > 1ppv adding GAS=c2h2 at HGT=32.5      km
W-ATMCHK: Total VMR > 1ppv adding GAS=c2h6 at HGT=32.5      km
W-ATMCHK: Total VMR > 1ppv adding GAS=ocs at HGT=32.5      km
W-ATMCHK: Total VMR > 1ppv adding GAS=so2 at HGT=32.5      km
W-ATMCHK: Total VMR > 1ppv adding GAS=sf6 at HGT=32.5      km
W-ATMCHK: Total VMR > 1ppv adding GAS=o2 at HGT=35.0      km
W-ATMCHK: Total VMR > 1ppv adding GAS=co2 at HGT=35.0      km
W-ATMCHK: Total VMR > 1ppv adding GAS=o3 at HGT=35.0      km
W-ATMCHK: Total VMR > 1ppv adding GAS=h2o at HGT=35.0      km
W-ATMCHK: Total VMR > 1ppv adding GAS=ch4 at HGT=35.0      km
W-ATMCHK: Total VMR > 1ppv adding GAS=n2o at HGT=35.0      km
W-ATMCHK: Total VMR > 1ppv adding GAS=hno3 at HGT=35.0      km
W-ATMCHK: Total VMR > 1ppv adding GAS=co at HGT=35.0      km
W-ATMCHK: Total VMR > 1ppv adding GAS=no2 at HGT=35.0      km
W-ATMCHK: Total VMR > 1ppv adding GAS=n2o5 at HGT=35.0      km
W-ATMCHK: Total VMR > 1ppv adding GAS=clo at HGT=35.0      km
W-ATMCHK: Total VMR > 1ppv adding GAS=hocl at HGT=35.0      km
W-ATMCHK: Total VMR > 1ppv adding GAS=clono2 at HGT=35.0      km
W-ATMCHK: Total VMR > 1ppv adding GAS=no at HGT=35.0      km
W-ATMCHK: Total VMR > 1ppv adding GAS=hno4 at HGT=35.0      km
W-ATMCHK: Total VMR > 1ppv adding GAS=hcn at HGT=35.0      km
W-ATMCHK: Total VMR > 1ppv adding GAS=nh3 at HGT=35.0      km
W-ATMCHK: Total VMR > 1ppv adding GAS=f11 at HGT=35.0      km
W-ATMCHK: Total VMR > 1ppv adding GAS=f12 at HGT=35.0      km
W-ATMCHK: Total VMR > 1ppv adding GAS=f14 at HGT=35.0      km
W-ATMCHK: Total VMR > 1ppv adding GAS=f22 at HGT=35.0      km
W-ATMCHK: Total VMR > 1ppv adding GAS=ccl4 at HGT=35.0      km
W-ATMCHK: Total VMR > 1ppv adding GAS=cof2 at HGT=35.0      km
W-ATMCHK: Total VMR > 1ppv adding GAS=h2o2 at HGT=35.0      km
W-ATMCHK: Total VMR > 1ppv adding GAS=c2h2 at HGT=35.0      km
W-ATMCHK: Total VMR > 1ppv adding GAS=c2h6 at HGT=35.0      km
W-ATMCHK: Total VMR > 1ppv adding GAS=ocs at HGT=35.0      km
W-ATMCHK: Total VMR > 1ppv adding GAS=so2 at HGT=35.0      km
W-ATMCHK: Total VMR > 1ppv adding GAS=sf6 at HGT=35.0      km
W-ATMCHK: Total VMR > 1ppv adding GAS=o2 at HGT=37.5      km
W-ATMCHK: Total VMR > 1ppv adding GAS=co2 at HGT=37.5      km
W-ATMCHK: Total VMR > 1ppv adding GAS=o3 at HGT=37.5      km
W-ATMCHK: Total VMR > 1ppv adding GAS=h2o at HGT=37.5      km
W-ATMCHK: Total VMR > 1ppv adding GAS=ch4 at HGT=37.5      km
W-ATMCHK: Total VMR > 1ppv adding GAS=n2o at HGT=37.5      km
W-ATMCHK: Total VMR > 1ppv adding GAS=hno3 at HGT=37.5      km
W-ATMCHK: Total VMR > 1ppv adding GAS=co at HGT=37.5      km
W-ATMCHK: Total VMR > 1ppv adding GAS=no2 at HGT=37.5      km
W-ATMCHK: Total VMR > 1ppv adding GAS=n2o5 at HGT=37.5      km
W-ATMCHK: Total VMR > 1ppv adding GAS=clo at HGT=37.5      km
W-ATMCHK: Total VMR > 1ppv adding GAS=hocl at HGT=37.5      km
W-ATMCHK: Total VMR > 1ppv adding GAS=clono2 at HGT=37.5      km
W-ATMCHK: Total VMR > 1ppv adding GAS=no at HGT=37.5      km
W-ATMCHK: Total VMR > 1ppv adding GAS=hno4 at HGT=37.5      km
W-ATMCHK: Total VMR > 1ppv adding GAS=hcn at HGT=37.5      km
W-ATMCHK: Total VMR > 1ppv adding GAS=nh3 at HGT=37.5      km
W-ATMCHK: Total VMR > 1ppv adding GAS=f11 at HGT=37.5      km
W-ATMCHK: Total VMR > 1ppv adding GAS=f12 at HGT=37.5      km
W-ATMCHK: Total VMR > 1ppv adding GAS=f14 at HGT=37.5      km
W-ATMCHK: Total VMR > 1ppv adding GAS=f22 at HGT=37.5      km
W-ATMCHK: Total VMR > 1ppv adding GAS=ccl4 at HGT=37.5      km
W-ATMCHK: Total VMR > 1ppv adding GAS=cof2 at HGT=37.5      km
W-ATMCHK: Total VMR > 1ppv adding GAS=h2o2 at HGT=37.5      km
W-ATMCHK: Total VMR > 1ppv adding GAS=c2h2 at HGT=37.5      km
W-ATMCHK: Total VMR > 1ppv adding GAS=c2h6 at HGT=37.5      km
W-ATMCHK: Total VMR > 1ppv adding GAS=ocs at HGT=37.5      km
W-ATMCHK: Total VMR > 1ppv adding GAS=so2 at HGT=37.5      km
W-ATMCHK: Total VMR > 1ppv adding GAS=sf6 at HGT=37.5      km
W-ATMCHK: Total VMR > 1ppv adding GAS=o2 at HGT=40.0      km
W-ATMCHK: Total VMR > 1ppv adding GAS=co2 at HGT=40.0      km
W-ATMCHK: Total VMR > 1ppv adding GAS=o3 at HGT=40.0      km
W-ATMCHK: Total VMR > 1ppv adding GAS=h2o at HGT=40.0      km
W-ATMCHK: Total VMR > 1ppv adding GAS=ch4 at HGT=40.0      km
W-ATMCHK: Total VMR > 1ppv adding GAS=n2o at HGT=40.0      km
W-ATMCHK: Total VMR > 1ppv adding GAS=hno3 at HGT=40.0      km
W-ATMCHK: Total VMR > 1ppv adding GAS=co at HGT=40.0      km
W-ATMCHK: Total VMR > 1ppv adding GAS=no2 at HGT=40.0      km
W-ATMCHK: Total VMR > 1ppv adding GAS=n2o5 at HGT=40.0      km
W-ATMCHK: Total VMR > 1ppv adding GAS=clo at HGT=40.0      km
W-ATMCHK: Total VMR > 1ppv adding GAS=hocl at HGT=40.0      km
W-ATMCHK: Total VMR > 1ppv adding GAS=clono2 at HGT=40.0      km
W-ATMCHK: Total VMR > 1ppv adding GAS=no at HGT=40.0      km
W-ATMCHK: Total VMR > 1ppv adding GAS=hno4 at HGT=40.0      km
W-ATMCHK: Total VMR > 1ppv adding GAS=hcn at HGT=40.0      km
W-ATMCHK: Total VMR > 1ppv adding GAS=nh3 at HGT=40.0      km
W-ATMCHK: Total VMR > 1ppv adding GAS=f11 at HGT=40.0      km
W-ATMCHK: Total VMR > 1ppv adding GAS=f12 at HGT=40.0      km
W-ATMCHK: Total VMR > 1ppv adding GAS=f14 at HGT=40.0      km
W-ATMCHK: Total VMR > 1ppv adding GAS=f22 at HGT=40.0      km
W-ATMCHK: Total VMR > 1ppv adding GAS=ccl4 at HGT=40.0      km
W-ATMCHK: Total VMR > 1ppv adding GAS=cof2 at HGT=40.0      km
W-ATMCHK: Total VMR > 1ppv adding GAS=h2o2 at HGT=40.0      km
W-ATMCHK: Total VMR > 1ppv adding GAS=c2h2 at HGT=40.0      km
W-ATMCHK: Total VMR > 1ppv adding GAS=c2h6 at HGT=40.0      km
W-ATMCHK: Total VMR > 1ppv adding GAS=ocs at HGT=40.0      km
W-ATMCHK: Total VMR > 1ppv adding GAS=so2 at HGT=40.0      km
W-ATMCHK: Total VMR > 1ppv adding GAS=sf6 at HGT=40.0      km
W-ATMCHK: Total VMR > 1ppv adding GAS=o2 at HGT=45.0      km
W-ATMCHK: Total VMR > 1ppv adding GAS=co2 at HGT=45.0      km
W-ATMCHK: Total VMR > 1ppv adding GAS=o3 at HGT=45.0      km
W-ATMCHK: Total VMR > 1ppv adding GAS=h2o at HGT=45.0      km
W-ATMCHK: Total VMR > 1ppv adding GAS=ch4 at HGT=45.0      km
W-ATMCHK: Total VMR > 1ppv adding GAS=n2o at HGT=45.0      km
W-ATMCHK: Total VMR > 1ppv adding GAS=hno3 at HGT=45.0      km
W-ATMCHK: Total VMR > 1ppv adding GAS=co at HGT=45.0      km
W-ATMCHK: Total VMR > 1ppv adding GAS=no2 at HGT=45.0      km
W-ATMCHK: Total VMR > 1ppv adding GAS=n2o5 at HGT=45.0      km
W-ATMCHK: Total VMR > 1ppv adding GAS=clo at HGT=45.0      km
W-ATMCHK: Total VMR > 1ppv adding GAS=hocl at HGT=45.0      km
W-ATMCHK: Total VMR > 1ppv adding GAS=clono2 at HGT=45.0      km
W-ATMCHK: Total VMR > 1ppv adding GAS=no at HGT=45.0      km
W-ATMCHK: Total VMR > 1ppv adding GAS=hno4 at HGT=45.0      km
W-ATMCHK: Total VMR > 1ppv adding GAS=hcn at HGT=45.0      km
W-ATMCHK: Total VMR > 1ppv adding GAS=nh3 at HGT=45.0      km
W-ATMCHK: Total VMR > 1ppv adding GAS=f11 at HGT=45.0      km
W-ATMCHK: Total VMR > 1ppv adding GAS=f12 at HGT=45.0      km
W-ATMCHK: Total VMR > 1ppv adding GAS=f14 at HGT=45.0      km
W-ATMCHK: Total VMR > 1ppv adding GAS=f22 at HGT=45.0      km
W-ATMCHK: Total VMR > 1ppv adding GAS=ccl4 at HGT=45.0      km
W-ATMCHK: Total VMR > 1ppv adding GAS=cof2 at HGT=45.0      km
W-ATMCHK: Total VMR > 1ppv adding GAS=h2o2 at HGT=45.0      km
W-ATMCHK: Total VMR > 1ppv adding GAS=c2h2 at HGT=45.0      km
W-ATMCHK: Total VMR > 1ppv adding GAS=c2h6 at HGT=45.0      km
W-ATMCHK: Total VMR > 1ppv adding GAS=ocs at HGT=45.0      km
W-ATMCHK: Total VMR > 1ppv adding GAS=so2 at HGT=45.0      km
W-ATMCHK: Total VMR > 1ppv adding GAS=sf6 at HGT=45.0      km
W-ATMCHK: Total VMR > 1ppv adding GAS=o2 at HGT=47.5      km
W-ATMCHK: Total VMR > 1ppv adding GAS=co2 at HGT=47.5      km
W-ATMCHK: Total VMR > 1ppv adding GAS=o3 at HGT=47.5      km
W-ATMCHK: Total VMR > 1ppv adding GAS=h2o at HGT=47.5      km
W-ATMCHK: Total VMR > 1ppv adding GAS=ch4 at HGT=47.5      km
W-ATMCHK: Total VMR > 1ppv adding GAS=n2o at HGT=47.5      km
W-ATMCHK: Total VMR > 1ppv adding GAS=hno3 at HGT=47.5      km
W-ATMCHK: Total VMR > 1ppv adding GAS=co at HGT=47.5      km
W-ATMCHK: Total VMR > 1ppv adding GAS=no2 at HGT=47.5      km
W-ATMCHK: Total VMR > 1ppv adding GAS=n2o5 at HGT=47.5      km
W-ATMCHK: Total VMR > 1ppv adding GAS=clo at HGT=47.5      km
W-ATMCHK: Total VMR > 1ppv adding GAS=hocl at HGT=47.5      km
W-ATMCHK: Total VMR > 1ppv adding GAS=clono2 at HGT=47.5      km
W-ATMCHK: Total VMR > 1ppv adding GAS=no at HGT=47.5      km
W-ATMCHK: Total VMR > 1ppv adding GAS=hno4 at HGT=47.5      km
W-ATMCHK: Total VMR > 1ppv adding GAS=hcn at HGT=47.5      km
W-ATMCHK: Total VMR > 1ppv adding GAS=nh3 at HGT=47.5      km
W-ATMCHK: Total VMR > 1ppv adding GAS=f11 at HGT=47.5      km
W-ATMCHK: Total VMR > 1ppv adding GAS=f12 at HGT=47.5      km
W-ATMCHK: Total VMR > 1ppv adding GAS=f14 at HGT=47.5      km
W-ATMCHK: Total VMR > 1ppv adding GAS=f22 at HGT=47.5      km
W-ATMCHK: Total VMR > 1ppv adding GAS=ccl4 at HGT=47.5      km
W-ATMCHK: Total VMR > 1ppv adding GAS=cof2 at HGT=47.5      km
W-ATMCHK: Total VMR > 1ppv adding GAS=h2o2 at HGT=47.5      km
W-ATMCHK: Total VMR > 1ppv adding GAS=c2h2 at HGT=47.5      km
W-ATMCHK: Total VMR > 1ppv adding GAS=c2h6 at HGT=47.5      km
W-ATMCHK: Total VMR > 1ppv adding GAS=ocs at HGT=47.5      km
W-ATMCHK: Total VMR > 1ppv adding GAS=so2 at HGT=47.5      km
W-ATMCHK: Total VMR > 1ppv adding GAS=sf6 at HGT=47.5      km
W-ATMCHK: Total VMR > 1ppv adding GAS=o2 at HGT=50.0      km
W-ATMCHK: Total VMR > 1ppv adding GAS=co2 at HGT=50.0      km
W-ATMCHK: Total VMR > 1ppv adding GAS=o3 at HGT=50.0      km
W-ATMCHK: Total VMR > 1ppv adding GAS=h2o at HGT=50.0      km
W-ATMCHK: Total VMR > 1ppv adding GAS=ch4 at HGT=50.0      km
W-ATMCHK: Total VMR > 1ppv adding GAS=n2o at HGT=50.0      km
W-ATMCHK: Total VMR > 1ppv adding GAS=hno3 at HGT=50.0      km
W-ATMCHK: Total VMR > 1ppv adding GAS=co at HGT=50.0      km
W-ATMCHK: Total VMR > 1ppv adding GAS=no2 at HGT=50.0      km
W-ATMCHK: Total VMR > 1ppv adding GAS=n2o5 at HGT=50.0      km
W-ATMCHK: Total VMR > 1ppv adding GAS=clo at HGT=50.0      km
W-ATMCHK: Total VMR > 1ppv adding GAS=hocl at HGT=50.0      km
W-ATMCHK: Total VMR > 1ppv adding GAS=clono2 at HGT=50.0      km
W-ATMCHK: Total VMR > 1ppv adding GAS=no at HGT=50.0      km
W-ATMCHK: Total VMR > 1ppv adding GAS=hno4 at HGT=50.0      km
W-ATMCHK: Total VMR > 1ppv adding GAS=hcn at HGT=50.0      km
W-ATMCHK: Total VMR > 1ppv adding GAS=nh3 at HGT=50.0      km
W-ATMCHK: Total VMR > 1ppv adding GAS=f11 at HGT=50.0      km
W-ATMCHK: Total VMR > 1ppv adding GAS=f12 at HGT=50.0      km
W-ATMCHK: Total VMR > 1ppv adding GAS=f14 at HGT=50.0      km
W-ATMCHK: Total VMR > 1ppv adding GAS=f22 at HGT=50.0      km
W-ATMCHK: Total VMR > 1ppv adding GAS=ccl4 at HGT=50.0      km
W-ATMCHK: Total VMR > 1ppv adding GAS=cof2 at HGT=50.0      km
W-ATMCHK: Total VMR > 1ppv adding GAS=h2o2 at HGT=50.0      km
W-ATMCHK: Total VMR > 1ppv adding GAS=c2h2 at HGT=50.0      km
W-ATMCHK: Total VMR > 1ppv adding GAS=c2h6 at HGT=50.0      km
W-ATMCHK: Total VMR > 1ppv adding GAS=ocs at HGT=50.0      km
W-ATMCHK: Total VMR > 1ppv adding GAS=so2 at HGT=50.0      km
W-ATMCHK: Total VMR > 1ppv adding GAS=sf6 at HGT=50.0      km
W-ATMCHK: Total VMR > 1ppv adding GAS=o2 at HGT=55.0      km
W-ATMCHK: Total VMR > 1ppv adding GAS=co2 at HGT=55.0      km
W-ATMCHK: Total VMR > 1ppv adding GAS=o3 at HGT=55.0      km
W-ATMCHK: Total VMR > 1ppv adding GAS=h2o at HGT=55.0      km
W-ATMCHK: Total VMR > 1ppv adding GAS=ch4 at HGT=55.0      km
W-ATMCHK: Total VMR > 1ppv adding GAS=n2o at HGT=55.0      km
W-ATMCHK: Total VMR > 1ppv adding GAS=hno3 at HGT=55.0      km
W-ATMCHK: Total VMR > 1ppv adding GAS=co at HGT=55.0      km
W-ATMCHK: Total VMR > 1ppv adding GAS=no2 at HGT=55.0      km
W-ATMCHK: Total VMR > 1ppv adding GAS=n2o5 at HGT=55.0      km
W-ATMCHK: Total VMR > 1ppv adding GAS=clo at HGT=55.0      km
W-ATMCHK: Total VMR > 1ppv adding GAS=hocl at HGT=55.0      km
W-ATMCHK: Total VMR > 1ppv adding GAS=clono2 at HGT=55.0      km
W-ATMCHK: Total VMR > 1ppv adding GAS=no at HGT=55.0      km
W-ATMCHK: Total VMR > 1ppv adding GAS=hno4 at HGT=55.0      km
W-ATMCHK: Total VMR > 1ppv adding GAS=hcn at HGT=55.0      km
W-ATMCHK: Total VMR > 1ppv adding GAS=nh3 at HGT=55.0      km
W-ATMCHK: Total VMR > 1ppv adding GAS=f11 at HGT=55.0      km
W-ATMCHK: Total VMR > 1ppv adding GAS=f12 at HGT=55.0      km
W-ATMCHK: Total VMR > 1ppv adding GAS=f14 at HGT=55.0      km
W-ATMCHK: Total VMR > 1ppv adding GAS=f22 at HGT=55.0      km
W-ATMCHK: Total VMR > 1ppv adding GAS=ccl4 at HGT=55.0      km
W-ATMCHK: Total VMR > 1ppv adding GAS=cof2 at HGT=55.0      km
W-ATMCHK: Total VMR > 1ppv adding GAS=h2o2 at HGT=55.0      km
W-ATMCHK: Total VMR > 1ppv adding GAS=c2h2 at HGT=55.0      km
W-ATMCHK: Total VMR > 1ppv adding GAS=c2h6 at HGT=55.0      km
W-ATMCHK: Total VMR > 1ppv adding GAS=ocs at HGT=55.0      km
W-ATMCHK: Total VMR > 1ppv adding GAS=so2 at HGT=55.0      km
W-ATMCHK: Total VMR > 1ppv adding GAS=sf6 at HGT=55.0      km
W-ATMCHK: Total VMR > 1ppv adding GAS=co2 at HGT=60.0      km
W-ATMCHK: Total VMR > 1ppv adding GAS=o3 at HGT=60.0      km
W-ATMCHK: Total VMR > 1ppv adding GAS=h2o at HGT=60.0      km
W-ATMCHK: Total VMR > 1ppv adding GAS=ch4 at HGT=60.0      km
W-ATMCHK: Total VMR > 1ppv adding GAS=n2o at HGT=60.0      km
W-ATMCHK: Total VMR > 1ppv adding GAS=hno3 at HGT=60.0      km
W-ATMCHK: Total VMR > 1ppv adding GAS=co at HGT=60.0      km
W-ATMCHK: Total VMR > 1ppv adding GAS=no2 at HGT=60.0      km
W-ATMCHK: Total VMR > 1ppv adding GAS=n2o5 at HGT=60.0      km
W-ATMCHK: Total VMR > 1ppv adding GAS=clo at HGT=60.0      km
W-ATMCHK: Total VMR > 1ppv adding GAS=hocl at HGT=60.0      km
W-ATMCHK: Total VMR > 1ppv adding GAS=clono2 at HGT=60.0      km
W-ATMCHK: Total VMR > 1ppv adding GAS=no at HGT=60.0      km
W-ATMCHK: Total VMR > 1ppv adding GAS=hno4 at HGT=60.0      km
W-ATMCHK: Total VMR > 1ppv adding GAS=hcn at HGT=60.0      km
W-ATMCHK: Total VMR > 1ppv adding GAS=nh3 at HGT=60.0      km
W-ATMCHK: Total VMR > 1ppv adding GAS=f11 at HGT=60.0      km
W-ATMCHK: Total VMR > 1ppv adding GAS=f12 at HGT=60.0      km
W-ATMCHK: Total VMR > 1ppv adding GAS=f14 at HGT=60.0      km
W-ATMCHK: Total VMR > 1ppv adding GAS=f22 at HGT=60.0      km
W-ATMCHK: Total VMR > 1ppv adding GAS=ccl4 at HGT=60.0      km
W-ATMCHK: Total VMR > 1ppv adding GAS=cof2 at HGT=60.0      km
W-ATMCHK: Total VMR > 1ppv adding GAS=h2o2 at HGT=60.0      km
W-ATMCHK: Total VMR > 1ppv adding GAS=c2h2 at HGT=60.0      km
W-ATMCHK: Total VMR > 1ppv adding GAS=c2h6 at HGT=60.0      km
W-ATMCHK: Total VMR > 1ppv adding GAS=ocs at HGT=60.0      km
W-ATMCHK: Total VMR > 1ppv adding GAS=so2 at HGT=60.0      km
W-ATMCHK: Total VMR > 1ppv adding GAS=sf6 at HGT=60.0      km
W-ATMCHK: Total VMR > 1ppv adding GAS=co2 at HGT=65.0      km
W-ATMCHK: Total VMR > 1ppv adding GAS=o3 at HGT=65.0      km
W-ATMCHK: Total VMR > 1ppv adding GAS=h2o at HGT=65.0      km
W-ATMCHK: Total VMR > 1ppv adding GAS=ch4 at HGT=65.0      km
W-ATMCHK: Total VMR > 1ppv adding GAS=n2o at HGT=65.0      km
W-ATMCHK: Total VMR > 1ppv adding GAS=hno3 at HGT=65.0      km
W-ATMCHK: Total VMR > 1ppv adding GAS=co at HGT=65.0      km
W-ATMCHK: Total VMR > 1ppv adding GAS=no2 at HGT=65.0      km
W-ATMCHK: Total VMR > 1ppv adding GAS=n2o5 at HGT=65.0      km
W-ATMCHK: Total VMR > 1ppv adding GAS=clo at HGT=65.0      km
W-ATMCHK: Total VMR > 1ppv adding GAS=hocl at HGT=65.0      km
W-ATMCHK: Total VMR > 1ppv adding GAS=clono2 at HGT=65.0      km
W-ATMCHK: Total VMR > 1ppv adding GAS=no at HGT=65.0      km
W-ATMCHK: Total VMR > 1ppv adding GAS=hno4 at HGT=65.0      km
W-ATMCHK: Total VMR > 1ppv adding GAS=hcn at HGT=65.0      km
W-ATMCHK: Total VMR > 1ppv adding GAS=nh3 at HGT=65.0      km
W-ATMCHK: Total VMR > 1ppv adding GAS=f11 at HGT=65.0      km
W-ATMCHK: Total VMR > 1ppv adding GAS=f12 at HGT=65.0      km
W-ATMCHK: Total VMR > 1ppv adding GAS=f14 at HGT=65.0      km
W-ATMCHK: Total VMR > 1ppv adding GAS=f22 at HGT=65.0      km
W-ATMCHK: Total VMR > 1ppv adding GAS=ccl4 at HGT=65.0      km
W-ATMCHK: Total VMR > 1ppv adding GAS=cof2 at HGT=65.0      km
W-ATMCHK: Total VMR > 1ppv adding GAS=h2o2 at HGT=65.0      km
W-ATMCHK: Total VMR > 1ppv adding GAS=c2h2 at HGT=65.0      km
W-ATMCHK: Total VMR > 1ppv adding GAS=c2h6 at HGT=65.0      km
W-ATMCHK: Total VMR > 1ppv adding GAS=ocs at HGT=65.0      km
W-ATMCHK: Total VMR > 1ppv adding GAS=so2 at HGT=65.0      km
W-ATMCHK: Total VMR > 1ppv adding GAS=sf6 at HGT=65.0      km
W-ATMCHK: Total VMR > 1ppv adding GAS=o2 at HGT=70.0      km
W-ATMCHK: Total VMR > 1ppv adding GAS=co2 at HGT=70.0      km
W-ATMCHK: Total VMR > 1ppv adding GAS=o3 at HGT=70.0      km
W-ATMCHK: Total VMR > 1ppv adding GAS=h2o at HGT=70.0      km
W-ATMCHK: Total VMR > 1ppv adding GAS=ch4 at HGT=70.0      km
W-ATMCHK: Total VMR > 1ppv adding GAS=n2o at HGT=70.0      km
W-ATMCHK: Total VMR > 1ppv adding GAS=hno3 at HGT=70.0      km
W-ATMCHK: Total VMR > 1ppv adding GAS=co at HGT=70.0      km
W-ATMCHK: Total VMR > 1ppv adding GAS=no2 at HGT=70.0      km
W-ATMCHK: Total VMR > 1ppv adding GAS=n2o5 at HGT=70.0      km
W-ATMCHK: Total VMR > 1ppv adding GAS=clo at HGT=70.0      km
W-ATMCHK: Total VMR > 1ppv adding GAS=hocl at HGT=70.0      km
W-ATMCHK: Total VMR > 1ppv adding GAS=clono2 at HGT=70.0      km
W-ATMCHK: Total VMR > 1ppv adding GAS=no at HGT=70.0      km
W-ATMCHK: Total VMR > 1ppv adding GAS=hno4 at HGT=70.0      km
W-ATMCHK: Total VMR > 1ppv adding GAS=hcn at HGT=70.0      km
W-ATMCHK: Total VMR > 1ppv adding GAS=nh3 at HGT=70.0      km
W-ATMCHK: Total VMR > 1ppv adding GAS=f11 at HGT=70.0      km
W-ATMCHK: Total VMR > 1ppv adding GAS=f12 at HGT=70.0      km
W-ATMCHK: Total VMR > 1ppv adding GAS=f14 at HGT=70.0      km
W-ATMCHK: Total VMR > 1ppv adding GAS=f22 at HGT=70.0      km
W-ATMCHK: Total VMR > 1ppv adding GAS=ccl4 at HGT=70.0      km
W-ATMCHK: Total VMR > 1ppv adding GAS=cof2 at HGT=70.0      km
W-ATMCHK: Total VMR > 1ppv adding GAS=h2o2 at HGT=70.0      km
W-ATMCHK: Total VMR > 1ppv adding GAS=c2h2 at HGT=70.0      km
W-ATMCHK: Total VMR > 1ppv adding GAS=c2h6 at HGT=70.0      km
W-ATMCHK: Total VMR > 1ppv adding GAS=ocs at HGT=70.0      km
W-ATMCHK: Total VMR > 1ppv adding GAS=so2 at HGT=70.0      km
W-ATMCHK: Total VMR > 1ppv adding GAS=sf6 at HGT=70.0      km
W-ATMCHK: Total VMR > 1ppv adding GAS=co2 at HGT=75.0      km
W-ATMCHK: Total VMR > 1ppv adding GAS=o3 at HGT=75.0      km
W-ATMCHK: Total VMR > 1ppv adding GAS=h2o at HGT=75.0      km
W-ATMCHK: Total VMR > 1ppv adding GAS=ch4 at HGT=75.0      km
W-ATMCHK: Total VMR > 1ppv adding GAS=n2o at HGT=75.0      km
W-ATMCHK: Total VMR > 1ppv adding GAS=hno3 at HGT=75.0      km
W-ATMCHK: Total VMR > 1ppv adding GAS=co at HGT=75.0      km
W-ATMCHK: Total VMR > 1ppv adding GAS=no2 at HGT=75.0      km
W-ATMCHK: Total VMR > 1ppv adding GAS=n2o5 at HGT=75.0      km
W-ATMCHK: Total VMR > 1ppv adding GAS=clo at HGT=75.0      km
W-ATMCHK: Total VMR > 1ppv adding GAS=hocl at HGT=75.0      km
W-ATMCHK: Total VMR > 1ppv adding GAS=clono2 at HGT=75.0      km
W-ATMCHK: Total VMR > 1ppv adding GAS=no at HGT=75.0      km
W-ATMCHK: Total VMR > 1ppv adding GAS=hno4 at HGT=75.0      km
W-ATMCHK: Total VMR > 1ppv adding GAS=hcn at HGT=75.0      km
W-ATMCHK: Total VMR > 1ppv adding GAS=nh3 at HGT=75.0      km
W-ATMCHK: Total VMR > 1ppv adding GAS=f11 at HGT=75.0      km
W-ATMCHK: Total VMR > 1ppv adding GAS=f12 at HGT=75.0      km
W-ATMCHK: Total VMR > 1ppv adding GAS=f14 at HGT=75.0      km
W-ATMCHK: Total VMR > 1ppv adding GAS=f22 at HGT=75.0      km
W-ATMCHK: Total VMR > 1ppv adding GAS=ccl4 at HGT=75.0      km
W-ATMCHK: Total VMR > 1ppv adding GAS=cof2 at HGT=75.0      km
W-ATMCHK: Total VMR > 1ppv adding GAS=h2o2 at HGT=75.0      km
W-ATMCHK: Total VMR > 1ppv adding GAS=c2h2 at HGT=75.0      km
W-ATMCHK: Total VMR > 1ppv adding GAS=c2h6 at HGT=75.0      km
W-ATMCHK: Total VMR > 1ppv adding GAS=ocs at HGT=75.0      km
W-ATMCHK: Total VMR > 1ppv adding GAS=so2 at HGT=75.0      km
W-ATMCHK: Total VMR > 1ppv adding GAS=sf6 at HGT=75.0      km
W-ATMCHK: Total VMR > 1ppv adding GAS=co2 at HGT=80.0      km
W-ATMCHK: Total VMR > 1ppv adding GAS=o3 at HGT=80.0      km
W-ATMCHK: Total VMR > 1ppv adding GAS=h2o at HGT=80.0      km
W-ATMCHK: Total VMR > 1ppv adding GAS=ch4 at HGT=80.0      km
W-ATMCHK: Total VMR > 1ppv adding GAS=n2o at HGT=80.0      km
W-ATMCHK: Total VMR > 1ppv adding GAS=hno3 at HGT=80.0      km
W-ATMCHK: Total VMR > 1ppv adding GAS=co at HGT=80.0      km
W-ATMCHK: Total VMR > 1ppv adding GAS=no2 at HGT=80.0      km
W-ATMCHK: Total VMR > 1ppv adding GAS=n2o5 at HGT=80.0      km
W-ATMCHK: Total VMR > 1ppv adding GAS=clo at HGT=80.0      km
W-ATMCHK: Total VMR > 1ppv adding GAS=hocl at HGT=80.0      km
W-ATMCHK: Total VMR > 1ppv adding GAS=clono2 at HGT=80.0      km
W-ATMCHK: Total VMR > 1ppv adding GAS=no at HGT=80.0      km
W-ATMCHK: Total VMR > 1ppv adding GAS=hno4 at HGT=80.0      km
W-ATMCHK: Total VMR > 1ppv adding GAS=hcn at HGT=80.0      km
W-ATMCHK: Total VMR > 1ppv adding GAS=nh3 at HGT=80.0      km
W-ATMCHK: Total VMR > 1ppv adding GAS=f11 at HGT=80.0      km
W-ATMCHK: Total VMR > 1ppv adding GAS=f12 at HGT=80.0      km
W-ATMCHK: Total VMR > 1ppv adding GAS=f14 at HGT=80.0      km
W-ATMCHK: Total VMR > 1ppv adding GAS=f22 at HGT=80.0      km
W-ATMCHK: Total VMR > 1ppv adding GAS=ccl4 at HGT=80.0      km
W-ATMCHK: Total VMR > 1ppv adding GAS=cof2 at HGT=80.0      km
W-ATMCHK: Total VMR > 1ppv adding GAS=h2o2 at HGT=80.0      km
W-ATMCHK: Total VMR > 1ppv adding GAS=c2h2 at HGT=80.0      km
W-ATMCHK: Total VMR > 1ppv adding GAS=c2h6 at HGT=80.0      km
W-ATMCHK: Total VMR > 1ppv adding GAS=ocs at HGT=80.0      km
W-ATMCHK: Total VMR > 1ppv adding GAS=so2 at HGT=80.0      km
W-ATMCHK: Total VMR > 1ppv adding GAS=sf6 at HGT=80.0      km
W-ATMCHK: Total VMR > 1ppv adding GAS=o2 at HGT=85.0      km
W-ATMCHK: Total VMR > 1ppv adding GAS=co2 at HGT=85.0      km
W-ATMCHK: Total VMR > 1ppv adding GAS=o3 at HGT=85.0      km
W-ATMCHK: Total VMR > 1ppv adding GAS=h2o at HGT=85.0      km
W-ATMCHK: Total VMR > 1ppv adding GAS=ch4 at HGT=85.0      km
W-ATMCHK: Total VMR > 1ppv adding GAS=n2o at HGT=85.0      km
W-ATMCHK: Total VMR > 1ppv adding GAS=hno3 at HGT=85.0      km
W-ATMCHK: Total VMR > 1ppv adding GAS=co at HGT=85.0      km
W-ATMCHK: Total VMR > 1ppv adding GAS=no2 at HGT=85.0      km
W-ATMCHK: Total VMR > 1ppv adding GAS=n2o5 at HGT=85.0      km
W-ATMCHK: Total VMR > 1ppv adding GAS=clo at HGT=85.0      km
W-ATMCHK: Total VMR > 1ppv adding GAS=hocl at HGT=85.0      km
W-ATMCHK: Total VMR > 1ppv adding GAS=clono2 at HGT=85.0      km
W-ATMCHK: Total VMR > 1ppv adding GAS=no at HGT=85.0      km
W-ATMCHK: Total VMR > 1ppv adding GAS=hno4 at HGT=85.0      km
W-ATMCHK: Total VMR > 1ppv adding GAS=hcn at HGT=85.0      km
W-ATMCHK: Total VMR > 1ppv adding GAS=nh3 at HGT=85.0      km
W-ATMCHK: Total VMR > 1ppv adding GAS=f11 at HGT=85.0      km
W-ATMCHK: Total VMR > 1ppv adding GAS=f12 at HGT=85.0      km
W-ATMCHK: Total VMR > 1ppv adding GAS=f14 at HGT=85.0      km
W-ATMCHK: Total VMR > 1ppv adding GAS=f22 at HGT=85.0      km
W-ATMCHK: Total VMR > 1ppv adding GAS=ccl4 at HGT=85.0      km
W-ATMCHK: Total VMR > 1ppv adding GAS=cof2 at HGT=85.0      km
W-ATMCHK: Total VMR > 1ppv adding GAS=h2o2 at HGT=85.0      km
W-ATMCHK: Total VMR > 1ppv adding GAS=c2h2 at HGT=85.0      km
W-ATMCHK: Total VMR > 1ppv adding GAS=c2h6 at HGT=85.0      km
W-ATMCHK: Total VMR > 1ppv adding GAS=ocs at HGT=85.0      km
W-ATMCHK: Total VMR > 1ppv adding GAS=so2 at HGT=85.0      km
W-ATMCHK: Total VMR > 1ppv adding GAS=sf6 at HGT=85.0      km
*SEC
 I-DRVTAN:  1.0
*LEV
I-OPNFIL: Opening file: ./rfm_files/alts.lev
  !Output levels
W-ATMLEV: Inserting extra profile level#9
W-ATMLEV: Inserting extra profile level#11
 I-DRVLEV: 0.0000 1.0000 2.0000 3.0000 4.0000 5.0000 6.0000 7.0000 7.5000
 8.5000 9.0000 10.0000 11.0000 12.0000 13.0000 14.0000 15.0000 16.0000 17.0000
 18.0000 19.0000 20.0000 21.0000 22.0000 23.0000 24.0000 25.0000 27.5000
 30.0000 32.5000 35.0000 37.5000 40.0000 42.5000 45.0000 47.5000 50.0000
 55.0000 60.0000 65.0000 70.0000 75.0000 80.0000 85.0000 90.0000 95.0000
 100.0000 105.0000 110.0000 115.0000 120.0000
*ILS
I-DRVSKP: Ignoring section - not required
*XSC
I-XSCDEF: Checking default XSC files
I-XSCDEF: looking for file: /network/aopp/matin/eodg/crun/eodg/rfm/rfm_files/...
xsc/n2o5.xsc
I-OPNFIL: Opening file: /network/aopp/matin/eodg/crun/eodg/rfm/rfm_files/xsc/...
n2o5.xsc
  ***    102         5  HITRAN2K  540.0189 1380.0108
W-XSCFIL: File ignored - No data in required spectral range
I-XSCDEF: looking for file: /network/aopp/matin/eodg/crun/eodg/rfm/rfm_files/...
xsc/clono2.xsc
I-OPNFIL: Opening file: /network/aopp/matin/eodg/crun/eodg/rfm/rfm_files/xsc/...
clono2.xsc
  ***    101        25  HITRAN2K  750.0004  830.0003
W-XSCFIL: File ignored - No data in required spectral range
I-XSCDEF: looking for file: /network/aopp/matin/eodg/crun/eodg/rfm/rfm_files/...
xsc/hno4.xsc
I-OPNFIL: Opening file: /network/aopp/matin/eodg/crun/eodg/rfm/rfm_files/xsc/...
hno4.xsc
  ***    105         1  HITRAN2K  780.0023  829.9995
W-XSCFIL: File ignored - No data in required spectral range
I-XSCDEF: looking for file: /network/aopp/matin/eodg/crun/eodg/rfm/rfm_files/...
xsc/f11.xsc
I-OPNFIL: Opening file: /network/aopp/matin/eodg/crun/eodg/rfm/rfm_files/xsc/...
f11.xsc
  ***    111        55  HITRAN2K  809.9975  880.0000
W-XSCFIL: File ignored - No data in required spectral range
I-XSCDEF: looking for file: /network/aopp/matin/eodg/crun/eodg/rfm/rfm_files/...
xsc/f12.xsc
I-OPNFIL: Opening file: /network/aopp/matin/eodg/crun/eodg/rfm/rfm_files/xsc/...
f12.xsc
  ***    112        52  HITRAN2K  849.9972  950.0025
W-XSCFIL: File ignored - No data in required spectral range
I-XSCDEF: looking for file: /network/aopp/matin/eodg/crun/eodg/rfm/rfm_files/...
xsc/f14.xsc
I-OPNFIL: Opening file: /network/aopp/matin/eodg/crun/eodg/rfm/rfm_files/xsc/...
f14.xsc
  ***    118        55  HITRAN2K 1249.9996 1289.9998
W-XSCFIL: File ignored - No data in required spectral range
I-XSCDEF: looking for file: /network/aopp/matin/eodg/crun/eodg/rfm/rfm_files/...
xsc/f22.xsc
I-OPNFIL: Opening file: /network/aopp/matin/eodg/crun/eodg/rfm/rfm_files/xsc/...
f22.xsc
  ***    122        29  HITRAN2K  759.9967  860.0039
W-XSCFIL: File ignored - No data in required spectral range
I-XSCDEF: looking for file: /network/aopp/matin/eodg/crun/eodg/rfm/rfm_files/...
xsc/ccl4.xsc
I-OPNFIL: Opening file: /network/aopp/matin/eodg/crun/eodg/rfm/rfm_files/xsc/...
ccl4.xsc
  ***    104        32  HITRAN2K  750.0028  811.9950
W-XSCFIL: File ignored - No data in required spectral range
I-XSCDEF: looking for file: /network/aopp/matin/eodg/crun/eodg/rfm/rfm_files/...
xsc/sf6.xsc
I-OPNFIL: Opening file: /network/aopp/matin/eodg/crun/eodg/rfm/rfm_files/xsc/...
sf6.xsc
  ***    103        32  HITRAN2K  924.9950  955.0029
W-XSCFIL: File ignored - No data in required spectral range
W-DRVXSC: No useful filenames in *XSC section
*HIT
I-HITTYP: Opening HITRAN File: /network/aopp/matin/eodg/crun/eodg/rfm/rfm_fil...
es/bin/hitran_2012.bin
I-HITTYP: Identified as HITRAN binary file
I-HITFIL: Opening file#1 /network/aopp/matin/eodg/crun/eodg/rfm/rfm_files/bin...
/hitran_2012.bin
I-OPNBIN: Opening binary file with RECL=88
I-BINFIL: HITRAN File Label=HITRAN2012 from hitbin.f v15MAR16
*END
I-CHKLEV: No.extra tan. paths reqd for intermediate Lev output=102
I-RFMPRF: Opening output file: prf.asc
W-REACYC: NCYC being increased to NCYC=1500
W-REACYC: NCYC being increased to NCYC=2250
W-REACYC: NCYC being increased to NCYC=3375
I-OPNOUT: Opening output file: bbt_01000.asc
I-OPNOUT: Opening output file: opt_01000.asc
I-OPNOUT: Opening output file: rad_01000.asc
I-OPNOUT: Opening output file: bbt_01000_up00000.asc
I-OPNOUT: Opening output file: opt_01000_up00000.asc
I-OPNOUT: Opening output file: rad_01000_up00000.asc
I-OPNOUT: Opening output file: bbt_01000_up01000.asc
I-OPNOUT: Opening output file: opt_01000_up01000.asc
I-OPNOUT: Opening output file: rad_01000_up01000.asc
I-OPNOUT: Opening output file: bbt_01000_up02000.asc
I-OPNOUT: Opening output file: opt_01000_up02000.asc
I-OPNOUT: Opening output file: rad_01000_up02000.asc
I-OPNOUT: Opening output file: bbt_01000_up03000.asc
I-OPNOUT: Opening output file: opt_01000_up03000.asc
I-OPNOUT: Opening output file: rad_01000_up03000.asc
I-OPNOUT: Opening output file: bbt_01000_up04000.asc
I-OPNOUT: Opening output file: opt_01000_up04000.asc
I-OPNOUT: Opening output file: rad_01000_up04000.asc
I-OPNOUT: Opening output file: bbt_01000_up05000.asc
I-OPNOUT: Opening output file: opt_01000_up05000.asc
I-OPNOUT: Opening output file: rad_01000_up05000.asc
I-OPNOUT: Opening output file: bbt_01000_up06000.asc
I-OPNOUT: Opening output file: opt_01000_up06000.asc
I-OPNOUT: Opening output file: rad_01000_up06000.asc
I-OPNOUT: Opening output file: bbt_01000_up07000.asc
I-OPNOUT: Opening output file: opt_01000_up07000.asc
I-OPNOUT: Opening output file: rad_01000_up07000.asc
I-OPNOUT: Opening output file: bbt_01000_up07500.asc
I-OPNOUT: Opening output file: opt_01000_up07500.asc
I-OPNOUT: Opening output file: rad_01000_up07500.asc
I-OPNOUT: Opening output file: bbt_01000_up08500.asc
I-OPNOUT: Opening output file: opt_01000_up08500.asc
I-OPNOUT: Opening output file: rad_01000_up08500.asc
I-OPNOUT: Opening output file: bbt_01000_up09000.asc
I-OPNOUT: Opening output file: opt_01000_up09000.asc
I-OPNOUT: Opening output file: rad_01000_up09000.asc
I-OPNOUT: Opening output file: bbt_01000_up10000.asc
I-OPNOUT: Opening output file: opt_01000_up10000.asc
I-OPNOUT: Opening output file: rad_01000_up10000.asc
I-OPNOUT: Opening output file: bbt_01000_up11000.asc
I-OPNOUT: Opening output file: opt_01000_up11000.asc
I-OPNOUT: Opening output file: rad_01000_up11000.asc
I-OPNOUT: Opening output file: bbt_01000_up12000.asc
I-OPNOUT: Opening output file: opt_01000_up12000.asc
I-OPNOUT: Opening output file: rad_01000_up12000.asc
I-OPNOUT: Opening output file: bbt_01000_up13000.asc
I-OPNOUT: Opening output file: opt_01000_up13000.asc
I-OPNOUT: Opening output file: rad_01000_up13000.asc
I-OPNOUT: Opening output file: bbt_01000_up14000.asc
I-OPNOUT: Opening output file: opt_01000_up14000.asc
I-OPNOUT: Opening output file: rad_01000_up14000.asc
I-OPNOUT: Opening output file: bbt_01000_up15000.asc
I-OPNOUT: Opening output file: opt_01000_up15000.asc
I-OPNOUT: Opening output file: rad_01000_up15000.asc
I-OPNOUT: Opening output file: bbt_01000_up16000.asc
I-OPNOUT: Opening output file: opt_01000_up16000.asc
I-OPNOUT: Opening output file: rad_01000_up16000.asc
I-OPNOUT: Opening output file: bbt_01000_up17000.asc
I-OPNOUT: Opening output file: opt_01000_up17000.asc
I-OPNOUT: Opening output file: rad_01000_up17000.asc
I-OPNOUT: Opening output file: bbt_01000_up18000.asc
I-OPNOUT: Opening output file: opt_01000_up18000.asc
I-OPNOUT: Opening output file: rad_01000_up18000.asc
I-OPNOUT: Opening output file: bbt_01000_up19000.asc
I-OPNOUT: Opening output file: opt_01000_up19000.asc
I-OPNOUT: Opening output file: rad_01000_up19000.asc
I-OPNOUT: Opening output file: bbt_01000_up20000.asc
I-OPNOUT: Opening output file: opt_01000_up20000.asc
I-OPNOUT: Opening output file: rad_01000_up20000.asc
I-OPNOUT: Opening output file: bbt_01000_up21000.asc
I-OPNOUT: Opening output file: opt_01000_up21000.asc
I-OPNOUT: Opening output file: rad_01000_up21000.asc
I-OPNOUT: Opening output file: bbt_01000_up22000.asc
I-OPNOUT: Opening output file: opt_01000_up22000.asc
I-OPNOUT: Opening output file: rad_01000_up22000.asc
I-OPNOUT: Opening output file: bbt_01000_up23000.asc
I-OPNOUT: Opening output file: opt_01000_up23000.asc
I-OPNOUT: Opening output file: rad_01000_up23000.asc
I-OPNOUT: Opening output file: bbt_01000_up24000.asc
I-OPNOUT: Opening output file: opt_01000_up24000.asc
I-OPNOUT: Opening output file: rad_01000_up24000.asc
I-OPNOUT: Opening output file: bbt_01000_up25000.asc
I-OPNOUT: Opening output file: opt_01000_up25000.asc
I-OPNOUT: Opening output file: rad_01000_up25000.asc
I-OPNOUT: Opening output file: bbt_01000_up27500.asc
I-OPNOUT: Opening output file: opt_01000_up27500.asc
I-OPNOUT: Opening output file: rad_01000_up27500.asc
I-OPNOUT: Opening output file: bbt_01000_up30000.asc
I-OPNOUT: Opening output file: opt_01000_up30000.asc
I-OPNOUT: Opening output file: rad_01000_up30000.asc
I-OPNOUT: Opening output file: bbt_01000_up32500.asc
I-OPNOUT: Opening output file: opt_01000_up32500.asc
I-OPNOUT: Opening output file: rad_01000_up32500.asc
I-OPNOUT: Opening output file: bbt_01000_up35000.asc
I-OPNOUT: Opening output file: opt_01000_up35000.asc
I-OPNOUT: Opening output file: rad_01000_up35000.asc
I-OPNOUT: Opening output file: bbt_01000_up37500.asc
I-OPNOUT: Opening output file: opt_01000_up37500.asc
I-OPNOUT: Opening output file: rad_01000_up37500.asc
I-OPNOUT: Opening output file: bbt_01000_up40000.asc
I-OPNOUT: Opening output file: opt_01000_up40000.asc
I-OPNOUT: Opening output file: rad_01000_up40000.asc
I-OPNOUT: Opening output file: bbt_01000_up42500.asc
I-OPNOUT: Opening output file: opt_01000_up42500.asc
I-OPNOUT: Opening output file: rad_01000_up42500.asc
I-OPNOUT: Opening output file: bbt_01000_up45000.asc
I-OPNOUT: Opening output file: opt_01000_up45000.asc
I-OPNOUT: Opening output file: rad_01000_up45000.asc
I-OPNOUT: Opening output file: bbt_01000_up47500.asc
I-OPNOUT: Opening output file: opt_01000_up47500.asc
I-OPNOUT: Opening output file: rad_01000_up47500.asc
I-OPNOUT: Opening output file: bbt_01000_up50000.asc
I-OPNOUT: Opening output file: opt_01000_up50000.asc
I-OPNOUT: Opening output file: rad_01000_up50000.asc
I-OPNOUT: Opening output file: bbt_01000_up55000.asc
I-OPNOUT: Opening output file: opt_01000_up55000.asc
I-OPNOUT: Opening output file: rad_01000_up55000.asc
I-OPNOUT: Opening output file: bbt_01000_up60000.asc
I-OPNOUT: Opening output file: opt_01000_up60000.asc
I-OPNOUT: Opening output file: rad_01000_up60000.asc
I-OPNOUT: Opening output file: bbt_01000_up65000.asc
I-OPNOUT: Opening output file: opt_01000_up65000.asc
I-OPNOUT: Opening output file: rad_01000_up65000.asc
I-OPNOUT: Opening output file: bbt_01000_up70000.asc
I-OPNOUT: Opening output file: opt_01000_up70000.asc
I-OPNOUT: Opening output file: rad_01000_up70000.asc
I-OPNOUT: Opening output file: bbt_01000_up75000.asc
I-OPNOUT: Opening output file: opt_01000_up75000.asc
I-OPNOUT: Opening output file: rad_01000_up75000.asc
I-OPNOUT: Opening output file: bbt_01000_up80000.asc
I-OPNOUT: Opening output file: opt_01000_up80000.asc
I-OPNOUT: Opening output file: rad_01000_up80000.asc
I-OPNOUT: Opening output file: bbt_01000_up85000.asc
I-OPNOUT: Opening output file: opt_01000_up85000.asc
I-OPNOUT: Opening output file: rad_01000_up85000.asc
I-OPNOUT: Opening output file: bbt_01000_up90000.asc
I-OPNOUT: Opening output file: opt_01000_up90000.asc
I-OPNOUT: Opening output file: rad_01000_up90000.asc
I-OPNOUT: Opening output file: bbt_01000_up95000.asc
I-OPNOUT: Opening output file: opt_01000_up95000.asc
I-OPNOUT: Opening output file: rad_01000_up95000.asc
I-OPNOUT: Opening output file: bbt_01000_up00100.asc
I-OPNOUT: Opening output file: opt_01000_up00100.asc
I-OPNOUT: Opening output file: rad_01000_up00100.asc
I-OPNOUT: Opening output file: bbt_01000_up00105.asc
I-OPNOUT: Opening output file: opt_01000_up00105.asc
I-OPNOUT: Opening output file: rad_01000_up00105.asc
I-OPNOUT: Opening output file: bbt_01000_up00110.asc
I-OPNOUT: Opening output file: opt_01000_up00110.asc
I-OPNOUT: Opening output file: rad_01000_up00110.asc
I-OPNOUT: Opening output file: bbt_01000_up00115.asc
I-OPNOUT: Opening output file: opt_01000_up00115.asc
I-OPNOUT: Opening output file: rad_01000_up00115.asc
I-OPNOUT: Opening output file: bbt_01000_up00120.asc
I-OPNOUT: Opening output file: opt_01000_up00120.asc
I-OPNOUT: Opening output file: rad_01000_up00120.asc
I-OPNOUT: Opening output file: bbt_01000_down00000.asc
I-OPNOUT: Opening output file: opt_01000_down00000.asc
I-OPNOUT: Opening output file: rad_01000_down00000.asc
I-OPNOUT: Opening output file: bbt_01000_down01000.asc
I-OPNOUT: Opening output file: opt_01000_down01000.asc
I-OPNOUT: Opening output file: rad_01000_down01000.asc
I-OPNOUT: Opening output file: bbt_01000_down02000.asc
I-OPNOUT: Opening output file: opt_01000_down02000.asc
I-OPNOUT: Opening output file: rad_01000_down02000.asc
I-OPNOUT: Opening output file: bbt_01000_down03000.asc
I-OPNOUT: Opening output file: opt_01000_down03000.asc
I-OPNOUT: Opening output file: rad_01000_down03000.asc
I-OPNOUT: Opening output file: bbt_01000_down04000.asc
I-OPNOUT: Opening output file: opt_01000_down04000.asc
I-OPNOUT: Opening output file: rad_01000_down04000.asc
I-OPNOUT: Opening output file: bbt_01000_down05000.asc
I-OPNOUT: Opening output file: opt_01000_down05000.asc
I-OPNOUT: Opening output file: rad_01000_down05000.asc
I-OPNOUT: Opening output file: bbt_01000_down06000.asc
I-OPNOUT: Opening output file: opt_01000_down06000.asc
I-OPNOUT: Opening output file: rad_01000_down06000.asc
 F-OPNOUT: Error opening file. IOSTAT=         122
